[0.044s] Invoking command in '/home/drone/comp0244_ws/comp0244-go2/src/build/champ_teleop': CMAKE_PREFIX_PATH=${CMAKE_PREFIX_PATH}:/home/drone/project_gazebo_ws/install/as2_visualization:/home/drone/project_gazebo_ws/install/as2_keyboard_teleoperation:/home/drone/project_gazebo_ws/install/as2_python_api:/opt/ros/humble /usr/bin/cmake /home/drone/comp0244_ws/comp0244-go2/src/unitree-go2-ros2/champ_teleop -DCMAKE_INSTALL_PREFIX=/home/drone/comp0244_ws/comp0244-go2/src/install/champ_teleop
[0.515s] -- The C compiler identification is GNU 11.4.0
[0.515s] -- The CXX compiler identification is GNU 11.4.0
[0.515s] -- Detecting C compiler ABI info
[0.515s] -- Detecting C compiler ABI info - done
[0.515s] -- Check for working C compiler: /usr/bin/cc - skipped
[0.515s] -- Detecting C compile features
[0.515s] -- Detecting C compile features - done
[0.515s] -- Detecting CXX compiler ABI info
[0.515s] -- Detecting CXX compiler ABI info - done
[0.515s] -- Check for working CXX compiler: /usr/bin/c++ - skipped
[0.515s] -- Detecting CXX compile features
[0.515s] -- Detecting CXX compile features - done
[0.515s] -- Found ament_cmake: 1.3.11 (/opt/ros/humble/share/ament_cmake/cmake)
[0.567s] -- Found Python3: /usr/bin/python3 (found version "3.10.12") found components: Interpreter 
[0.714s] -- Configuring done
[0.716s] -- Generating done
[0.718s] -- Build files have been written to: /home/drone/comp0244_ws/comp0244-go2/src/build/champ_teleop
[0.724s] Invoked command in '/home/drone/comp0244_ws/comp0244-go2/src/build/champ_teleop' returned '0': CMAKE_PREFIX_PATH=${CMAKE_PREFIX_PATH}:/home/drone/project_gazebo_ws/install/as2_visualization:/home/drone/project_gazebo_ws/install/as2_keyboard_teleoperation:/home/drone/project_gazebo_ws/install/as2_python_api:/opt/ros/humble /usr/bin/cmake /home/drone/comp0244_ws/comp0244-go2/src/unitree-go2-ros2/champ_teleop -DCMAKE_INSTALL_PREFIX=/home/drone/comp0244_ws/comp0244-go2/src/install/champ_teleop
[0.725s] Invoking command in '/home/drone/comp0244_ws/comp0244-go2/src/build/champ_teleop': CMAKE_PREFIX_PATH=${CMAKE_PREFIX_PATH}:/home/drone/project_gazebo_ws/install/as2_visualization:/home/drone/project_gazebo_ws/install/as2_keyboard_teleoperation:/home/drone/project_gazebo_ws/install/as2_python_api:/opt/ros/humble /usr/bin/cmake --build /home/drone/comp0244_ws/comp0244-go2/src/build/champ_teleop -- -j22 -l22
[0.789s] Invoked command in '/home/drone/comp0244_ws/comp0244-go2/src/build/champ_teleop' returned '0': CMAKE_PREFIX_PATH=${CMAKE_PREFIX_PATH}:/home/drone/project_gazebo_ws/install/as2_visualization:/home/drone/project_gazebo_ws/install/as2_keyboard_teleoperation:/home/drone/project_gazebo_ws/install/as2_python_api:/opt/ros/humble /usr/bin/cmake --build /home/drone/comp0244_ws/comp0244-go2/src/build/champ_teleop -- -j22 -l22
[0.790s] Invoking command in '/home/drone/comp0244_ws/comp0244-go2/src/build/champ_teleop': CMAKE_PREFIX_PATH=${CMAKE_PREFIX_PATH}:/home/drone/project_gazebo_ws/install/as2_visualization:/home/drone/project_gazebo_ws/install/as2_keyboard_teleoperation:/home/drone/project_gazebo_ws/install/as2_python_api:/opt/ros/humble /usr/bin/cmake --install /home/drone/comp0244_ws/comp0244-go2/src/build/champ_teleop
[0.795s] -- Install configuration: ""
[0.796s] -- Installing: /home/drone/comp0244_ws/comp0244-go2/src/install/champ_teleop/share/champ_teleop/launch
[0.796s] -- Installing: /home/drone/comp0244_ws/comp0244-go2/src/install/champ_teleop/share/champ_teleop/launch/teleop.launch.py
[0.796s] -- Installing: /home/drone/comp0244_ws/comp0244-go2/src/install/champ_teleop/lib/champ_teleop/champ_teleop.py
[0.798s] -- Installing: /home/drone/comp0244_ws/comp0244-go2/src/install/champ_teleop/share/ament_index/resource_index/package_run_dependencies/champ_teleop
[0.798s] -- Installing: /home/drone/comp0244_ws/comp0244-go2/src/install/champ_teleop/share/ament_index/resource_index/parent_prefix_path/champ_teleop
[0.798s] -- Installing: /home/drone/comp0244_ws/comp0244-go2/src/install/champ_teleop/share/champ_teleop/environment/ament_prefix_path.sh
[0.798s] -- Installing: /home/drone/comp0244_ws/comp0244-go2/src/install/champ_teleop/share/champ_teleop/environment/ament_prefix_path.dsv
[0.798s] -- Installing: /home/drone/comp0244_ws/comp0244-go2/src/install/champ_teleop/share/champ_teleop/environment/path.sh
[0.799s] -- Installing: /home/drone/comp0244_ws/comp0244-go2/src/install/champ_teleop/share/champ_teleop/environment/path.dsv
[0.799s] -- Installing: /home/drone/comp0244_ws/comp0244-go2/src/install/champ_teleop/share/champ_teleop/local_setup.bash
[0.799s] -- Installing: /home/drone/comp0244_ws/comp0244-go2/src/install/champ_teleop/share/champ_teleop/local_setup.sh
[0.799s] -- Installing: /home/drone/comp0244_ws/comp0244-go2/src/install/champ_teleop/share/champ_teleop/local_setup.zsh
[0.799s] -- Installing: /home/drone/comp0244_ws/comp0244-go2/src/install/champ_teleop/share/champ_teleop/local_setup.dsv
[0.799s] -- Installing: /home/drone/comp0244_ws/comp0244-go2/src/install/champ_teleop/share/champ_teleop/package.dsv
[0.799s] -- Installing: /home/drone/comp0244_ws/comp0244-go2/src/install/champ_teleop/share/ament_index/resource_index/packages/champ_teleop
[0.800s] -- Installing: /home/drone/comp0244_ws/comp0244-go2/src/install/champ_teleop/share/champ_teleop/cmake/champ_teleopConfig.cmake
[0.800s] -- Installing: /home/drone/comp0244_ws/comp0244-go2/src/install/champ_teleop/share/champ_teleop/cmake/champ_teleopConfig-version.cmake
[0.800s] -- Installing: /home/drone/comp0244_ws/comp0244-go2/src/install/champ_teleop/share/champ_teleop/package.xml
[0.812s] Invoked command in '/home/drone/comp0244_ws/comp0244-go2/src/build/champ_teleop' returned '0': CMAKE_PREFIX_PATH=${CMAKE_PREFIX_PATH}:/home/drone/project_gazebo_ws/install/as2_visualization:/home/drone/project_gazebo_ws/install/as2_keyboard_teleoperation:/home/drone/project_gazebo_ws/install/as2_python_api:/opt/ros/humble /usr/bin/cmake --install /home/drone/comp0244_ws/comp0244-go2/src/build/champ_teleop
