[0.924s] Invoking command in '/home/drone/comp0244_ws/comp0244-go2/src/local_map_creator': PYTHONPATH=/home/drone/comp0244_ws/comp0244-go2/src/build/local_map_creator/prefix_override:/usr/lib/python3/dist-packages/colcon_core/task/python/colcon_distutils_commands:/home/drone/comp0244_ws/comp0244-go2/src/install/local_map_creator/lib/python3.10/site-packages:${PYTHONPATH} /usr/bin/python3 -W ignore:setup.py install is deprecated -W ignore:easy_install command is deprecated setup.py egg_info --egg-base ../build/local_map_creator build --build-base /home/drone/comp0244_ws/comp0244-go2/src/build/local_map_creator/build install --record /home/drone/comp0244_ws/comp0244-go2/src/build/local_map_creator/install.log --single-version-externally-managed install_data
[1.070s] running egg_info
[1.070s] writing ../build/local_map_creator/local_map_creator.egg-info/PKG-INFO
[1.070s] writing dependency_links to ../build/local_map_creator/local_map_creator.egg-info/dependency_links.txt
[1.070s] writing entry points to ../build/local_map_creator/local_map_creator.egg-info/entry_points.txt
[1.070s] writing requirements to ../build/local_map_creator/local_map_creator.egg-info/requires.txt
[1.070s] writing top-level names to ../build/local_map_creator/local_map_creator.egg-info/top_level.txt
[1.071s] reading manifest file '../build/local_map_creator/local_map_creator.egg-info/SOURCES.txt'
[1.072s] writing manifest file '../build/local_map_creator/local_map_creator.egg-info/SOURCES.txt'
[1.072s] running build
[1.072s] running build_py
[1.072s] running install
[1.072s] running install_lib
[1.073s] running install_data
[1.073s] running install_egg_info
[1.074s] removing '/home/drone/comp0244_ws/comp0244-go2/src/install/local_map_creator/lib/python3.10/site-packages/local_map_creator-0.0.1-py3.10.egg-info' (and everything under it)
[1.074s] Copying ../build/local_map_creator/local_map_creator.egg-info to /home/drone/comp0244_ws/comp0244-go2/src/install/local_map_creator/lib/python3.10/site-packages/local_map_creator-0.0.1-py3.10.egg-info
[1.074s] running install_scripts
[1.087s] Installing local_map_creator script to /home/drone/comp0244_ws/comp0244-go2/src/install/local_map_creator/lib/local_map_creator
[1.087s] writing list of installed files to '/home/drone/comp0244_ws/comp0244-go2/src/build/local_map_creator/install.log'
[1.103s] Invoked command in '/home/drone/comp0244_ws/comp0244-go2/src/local_map_creator' returned '0': PYTHONPATH=/home/drone/comp0244_ws/comp0244-go2/src/build/local_map_creator/prefix_override:/usr/lib/python3/dist-packages/colcon_core/task/python/colcon_distutils_commands:/home/drone/comp0244_ws/comp0244-go2/src/install/local_map_creator/lib/python3.10/site-packages:${PYTHONPATH} /usr/bin/python3 -W ignore:setup.py install is deprecated -W ignore:easy_install command is deprecated setup.py egg_info --egg-base ../build/local_map_creator build --build-base /home/drone/comp0244_ws/comp0244-go2/src/build/local_map_creator/build install --record /home/drone/comp0244_ws/comp0244-go2/src/build/local_map_creator/install.log --single-version-externally-managed install_data
