[0.034s] Invoking command in '/home/drone/comp0244_ws/comp0244-go2/src/build/livox_ros_driver2': CMAKE_PREFIX_PATH=${CMAKE_PREFIX_PATH}:/home/drone/project_gazebo_ws/install/as2_visualization:/home/drone/project_gazebo_ws/install/as2_keyboard_teleoperation:/home/drone/project_gazebo_ws/install/as2_python_api:/opt/ros/humble /usr/bin/cmake /home/drone/comp0244_ws/comp0244-go2/src/livox_ros_driver2 -DCMAKE_INSTALL_PREFIX=/home/drone/comp0244_ws/comp0244-go2/src/install/livox_ros_driver2
[0.545s] -- livox_ros_driver2 version: 1.2.4
[0.545s] -- Found ament_cmake_auto: 1.3.11 (/opt/ros/humble/share/ament_cmake_auto/cmake)
[0.546s] -- Using all available rosidl_typesupport_c: rosidl_typesupport_fastrtps_c;rosidl_typesupport_introspection_c
[0.546s] -- Found rosidl_adapter: 3.1.6 (/opt/ros/humble/share/rosidl_adapter/cmake)
[0.546s] -- Using all available rosidl_typesupport_cpp: rosidl_typesupport_fastrtps_cpp;rosidl_typesupport_introspection_cpp
[0.546s] -- Found rmw_implementation_cmake: 6.1.2 (/opt/ros/humble/share/rmw_implementation_cmake/cmake)
[0.546s] -- Found rmw_fastrtps_cpp: 6.2.7 (/opt/ros/humble/share/rmw_fastrtps_cpp/cmake)
[0.546s] -- Using RMW implementation 'rmw_fastrtps_cpp' as default
[0.546s] -- Eigen found (include: /usr/include/eigen3, version: 3.4.0)
[0.546s] -- FLANN found (include: /usr/include, lib: /usr/lib/x86_64-linux-gnu/libflann_cpp.so)
[0.701s] -- OpenNI found (version: 1.5.4.0, include: /usr/include/ni, lib: /usr/lib/libOpenNI.so;libusb::libusb)
[0.706s] -- OpenNI2 found (version: 2.2.0.33, include: /usr/include/openni2, lib: /usr/lib/x86_64-linux-gnu/libOpenNI2.so;libusb::libusb)
[0.815s] -- Eigen found (include: /usr/include/eigen3, version: 3.4.0)
[0.821s] -- OpenNI found (version: 1.5.4.0, include: /usr/include/ni, lib: /usr/lib/libOpenNI.so;libusb::libusb)
[0.827s] -- OpenNI2 found (version: 2.2.0.33, include: /usr/include/openni2, lib: /usr/lib/x86_64-linux-gnu/libOpenNI2.so;libusb::libusb)
[0.951s] -- Found Qhull version 8.0.2
[1.070s] -- OpenNI found (version: 1.5.4.0, include: /usr/include/ni, lib: /usr/lib/libOpenNI.so;libusb::libusb)
[1.207s] -- Checking for module 'apr-1'
[1.210s] --   No package 'apr-1' found
[1.397s] -- Found ament_cmake_ros: 0.10.0 (/opt/ros/humble/share/ament_cmake_ros/cmake)
[1.539s] -- Using all available rosidl_typesupport_c: rosidl_typesupport_fastrtps_c;rosidl_typesupport_introspection_c
[1.738s] -- Using all available rosidl_typesupport_cpp: rosidl_typesupport_fastrtps_cpp;rosidl_typesupport_introspection_cpp
[1.752s] -- Found python_cmake_module: 0.10.0 (/opt/ros/humble/share/python_cmake_module/cmake)
[1.774s] -- Using PYTHON_EXECUTABLE: /usr/bin/python3
[1.774s] -- Using PYTHON_INCLUDE_DIRS: /usr/include/python3.10
[1.774s] -- Using PYTHON_LIBRARIES: /usr/lib/x86_64-linux-gnu/libpython3.10.so
[1.828s] -- Found ament_lint_auto: 0.12.11 (/opt/ros/humble/share/ament_lint_auto/cmake)
[1.855s] -- Added test 'copyright' to check source files copyright and LICENSE
[1.858s] -- Added test 'cppcheck' to perform static code analysis on C / C++ code
[1.858s] -- Configured cppcheck include dirs: /home/drone/comp0244_ws/comp0244-go2/src/livox_ros_driver2/3rdparty;/home/drone/comp0244_ws/comp0244-go2/src/livox_ros_driver2/src
[1.859s] -- Configured cppcheck exclude dirs and/or files: 
[1.861s] -- Added test 'cpplint' to check C / C++ code against the Google style
[1.861s] -- Configured cpplint exclude dirs and/or files: 
[1.862s] -- Added test 'flake8' to check Python code syntax and style conventions
[1.863s] -- Added test 'lint_cmake' to check CMake code style
[1.863s] -- Added test 'pep257' to check Python code against some of the docstring style conventions in PEP 257
[1.866s] -- Added test 'uncrustify' to check C / C++ code style
[1.866s] -- Configured uncrustify additional arguments: 
[1.867s] -- Added test 'xmllint' to check XML markup files
[1.868s] -- Configuring done
[1.871s] [0mCMake Error: The following variables are used in this project, but they are set to NOTFOUND.
[1.871s] Please set them or make sure they are set and tested correctly in the CMake files:
[1.871s] /home/drone/comp0244_ws/comp0244-go2/src/livox_ros_driver2/LIVOX_INTERFACES_INCLUDE_DIRECTORIES
[1.871s]    used as include directory in directory /home/drone/comp0244_ws/comp0244-go2/src/livox_ros_driver2
[1.872s] [0m
[1.943s] -- Generating done
[1.944s] [0mCMake Generate step failed.  Build files cannot be regenerated correctly.[0m
