[0.045s] Invoking command in '/home/drone/comp0244_ws/comp0244-go2/src/build/champ_navigation': CMAKE_PREFIX_PATH=${CMAKE_PREFIX_PATH}:/home/drone/project_gazebo_ws/install/as2_visualization:/home/drone/project_gazebo_ws/install/as2_keyboard_teleoperation:/home/drone/project_gazebo_ws/install/as2_python_api:/opt/ros/humble /usr/bin/cmake /home/drone/comp0244_ws/comp0244-go2/src/unitree-go2-ros2/champ/champ_navigation -DCMAKE_INSTALL_PREFIX=/home/drone/comp0244_ws/comp0244-go2/src/install/champ_navigation
[0.517s] -- The C compiler identification is GNU 11.4.0
[0.518s] -- The CXX compiler identification is GNU 11.4.0
[0.518s] -- Detecting C compiler ABI info
[0.518s] -- Detecting C compiler ABI info - done
[0.518s] -- Check for working C compiler: /usr/bin/cc - skipped
[0.518s] -- Detecting C compile features
[0.518s] -- Detecting C compile features - done
[0.518s] -- Detecting CXX compiler ABI info
[0.518s] -- Detecting CXX compiler ABI info - done
[0.518s] -- Check for working CXX compiler: /usr/bin/c++ - skipped
[0.518s] -- Detecting CXX compile features
[0.518s] -- Detecting CXX compile features - done
[0.518s] -- Found ament_cmake: 1.3.11 (/opt/ros/humble/share/ament_cmake/cmake)
[0.569s] -- Found Python3: /usr/bin/python3 (found version "3.10.12") found components: Interpreter 
[0.693s] -- Configuring done
[0.695s] -- Generating done
[0.697s] -- Build files have been written to: /home/drone/comp0244_ws/comp0244-go2/src/build/champ_navigation
[0.702s] Invoked command in '/home/drone/comp0244_ws/comp0244-go2/src/build/champ_navigation' returned '0': CMAKE_PREFIX_PATH=${CMAKE_PREFIX_PATH}:/home/drone/project_gazebo_ws/install/as2_visualization:/home/drone/project_gazebo_ws/install/as2_keyboard_teleoperation:/home/drone/project_gazebo_ws/install/as2_python_api:/opt/ros/humble /usr/bin/cmake /home/drone/comp0244_ws/comp0244-go2/src/unitree-go2-ros2/champ/champ_navigation -DCMAKE_INSTALL_PREFIX=/home/drone/comp0244_ws/comp0244-go2/src/install/champ_navigation
[0.704s] Invoking command in '/home/drone/comp0244_ws/comp0244-go2/src/build/champ_navigation': CMAKE_PREFIX_PATH=${CMAKE_PREFIX_PATH}:/home/drone/project_gazebo_ws/install/as2_visualization:/home/drone/project_gazebo_ws/install/as2_keyboard_teleoperation:/home/drone/project_gazebo_ws/install/as2_python_api:/opt/ros/humble /usr/bin/cmake --build /home/drone/comp0244_ws/comp0244-go2/src/build/champ_navigation -- -j22 -l22
[0.729s] Invoked command in '/home/drone/comp0244_ws/comp0244-go2/src/build/champ_navigation' returned '0': CMAKE_PREFIX_PATH=${CMAKE_PREFIX_PATH}:/home/drone/project_gazebo_ws/install/as2_visualization:/home/drone/project_gazebo_ws/install/as2_keyboard_teleoperation:/home/drone/project_gazebo_ws/install/as2_python_api:/opt/ros/humble /usr/bin/cmake --build /home/drone/comp0244_ws/comp0244-go2/src/build/champ_navigation -- -j22 -l22
[0.736s] Invoking command in '/home/drone/comp0244_ws/comp0244-go2/src/build/champ_navigation': CMAKE_PREFIX_PATH=${CMAKE_PREFIX_PATH}:/home/drone/project_gazebo_ws/install/as2_visualization:/home/drone/project_gazebo_ws/install/as2_keyboard_teleoperation:/home/drone/project_gazebo_ws/install/as2_python_api:/opt/ros/humble /usr/bin/cmake --install /home/drone/comp0244_ws/comp0244-go2/src/build/champ_navigation
[0.745s] -- Install configuration: ""
[0.745s] -- Installing: /home/drone/comp0244_ws/comp0244-go2/src/install/champ_navigation/share/champ_navigation/launch
[0.745s] -- Installing: /home/drone/comp0244_ws/comp0244-go2/src/install/champ_navigation/share/champ_navigation/launch/slam.launch.py
[0.745s] -- Installing: /home/drone/comp0244_ws/comp0244-go2/src/install/champ_navigation/share/champ_navigation/launch/navigate.launch.py
[0.745s] -- Installing: /home/drone/comp0244_ws/comp0244-go2/src/install/champ_navigation/share/champ_navigation/rviz
[0.745s] -- Installing: /home/drone/comp0244_ws/comp0244-go2/src/install/champ_navigation/share/champ_navigation/rviz/navigation.rviz
[0.746s] -- Installing: /home/drone/comp0244_ws/comp0244-go2/src/install/champ_navigation/share/champ_navigation/rviz/navigation_minimal.rviz
[0.746s] -- Installing: /home/drone/comp0244_ws/comp0244-go2/src/install/champ_navigation/share/champ_navigation/rviz/slam.rviz
[0.747s] -- Installing: /home/drone/comp0244_ws/comp0244-go2/src/install/champ_navigation/share/ament_index/resource_index/package_run_dependencies/champ_navigation
[0.747s] -- Installing: /home/drone/comp0244_ws/comp0244-go2/src/install/champ_navigation/share/ament_index/resource_index/parent_prefix_path/champ_navigation
[0.747s] -- Installing: /home/drone/comp0244_ws/comp0244-go2/src/install/champ_navigation/share/champ_navigation/environment/ament_prefix_path.sh
[0.747s] -- Installing: /home/drone/comp0244_ws/comp0244-go2/src/install/champ_navigation/share/champ_navigation/environment/ament_prefix_path.dsv
[0.747s] -- Installing: /home/drone/comp0244_ws/comp0244-go2/src/install/champ_navigation/share/champ_navigation/environment/path.sh
[0.747s] -- Installing: /home/drone/comp0244_ws/comp0244-go2/src/install/champ_navigation/share/champ_navigation/environment/path.dsv
[0.747s] -- Installing: /home/drone/comp0244_ws/comp0244-go2/src/install/champ_navigation/share/champ_navigation/local_setup.bash
[0.747s] -- Installing: /home/drone/comp0244_ws/comp0244-go2/src/install/champ_navigation/share/champ_navigation/local_setup.sh
[0.747s] -- Installing: /home/drone/comp0244_ws/comp0244-go2/src/install/champ_navigation/share/champ_navigation/local_setup.zsh
[0.747s] -- Installing: /home/drone/comp0244_ws/comp0244-go2/src/install/champ_navigation/share/champ_navigation/local_setup.dsv
[0.747s] -- Installing: /home/drone/comp0244_ws/comp0244-go2/src/install/champ_navigation/share/champ_navigation/package.dsv
[0.748s] -- Installing: /home/drone/comp0244_ws/comp0244-go2/src/install/champ_navigation/share/ament_index/resource_index/packages/champ_navigation
[0.748s] -- Installing: /home/drone/comp0244_ws/comp0244-go2/src/install/champ_navigation/share/champ_navigation/cmake/champ_navigationConfig.cmake
[0.748s] -- Installing: /home/drone/comp0244_ws/comp0244-go2/src/install/champ_navigation/share/champ_navigation/cmake/champ_navigationConfig-version.cmake
[0.748s] -- Installing: /home/drone/comp0244_ws/comp0244-go2/src/install/champ_navigation/share/champ_navigation/package.xml
[0.749s] Invoked command in '/home/drone/comp0244_ws/comp0244-go2/src/build/champ_navigation' returned '0': CMAKE_PREFIX_PATH=${CMAKE_PREFIX_PATH}:/home/drone/project_gazebo_ws/install/as2_visualization:/home/drone/project_gazebo_ws/install/as2_keyboard_teleoperation:/home/drone/project_gazebo_ws/install/as2_python_api:/opt/ros/humble /usr/bin/cmake --install /home/drone/comp0244_ws/comp0244-go2/src/build/champ_navigation
