[0.057s] Invoking command in '/home/drone/comp0244_ws/comp0244-go2/src/build/champ': CMAKE_PREFIX_PATH=${CMAKE_PREFIX_PATH}:/home/drone/project_gazebo_ws/install/as2_visualization:/home/drone/project_gazebo_ws/install/as2_keyboard_teleoperation:/home/drone/project_gazebo_ws/install/as2_python_api:/opt/ros/humble /usr/bin/cmake /home/drone/comp0244_ws/comp0244-go2/src/unitree-go2-ros2/champ/champ -DCMAKE_INSTALL_PREFIX=/home/drone/comp0244_ws/comp0244-go2/src/install/champ
[0.533s] -- The C compiler identification is GNU 11.4.0
[0.533s] -- The CXX compiler identification is GNU 11.4.0
[0.533s] -- Detecting C compiler ABI info
[0.533s] -- Detecting C compiler ABI info - done
[0.534s] -- Check for working C compiler: /usr/bin/cc - skipped
[0.534s] -- Detecting C compile features
[0.534s] -- Detecting C compile features - done
[0.534s] -- Detecting CXX compiler ABI info
[0.534s] -- Detecting CXX compiler ABI info - done
[0.535s] -- Check for working CXX compiler: /usr/bin/c++ - skipped
[0.535s] -- Detecting CXX compile features
[0.535s] -- Detecting CXX compile features - done
[0.535s] -- Found ament_cmake: 1.3.11 (/opt/ros/humble/share/ament_cmake/cmake)
[0.578s] -- Found Python3: /usr/bin/python3 (found version "3.10.12") found components: Interpreter 
[0.676s] -- Found rclcpp: 16.0.11 (/opt/ros/humble/share/rclcpp/cmake)
[0.743s] -- Found rosidl_generator_c: 3.1.6 (/opt/ros/humble/share/rosidl_generator_c/cmake)
[0.750s] -- Found rosidl_adapter: 3.1.6 (/opt/ros/humble/share/rosidl_adapter/cmake)
[0.763s] -- Found rosidl_generator_cpp: 3.1.6 (/opt/ros/humble/share/rosidl_generator_cpp/cmake)
[0.791s] -- Using all available rosidl_typesupport_c: rosidl_typesupport_fastrtps_c;rosidl_typesupport_introspection_c
[0.805s] -- Using all available rosidl_typesupport_cpp: rosidl_typesupport_fastrtps_cpp;rosidl_typesupport_introspection_cpp
[0.906s] -- Found rmw_implementation_cmake: 6.1.2 (/opt/ros/humble/share/rmw_implementation_cmake/cmake)
[0.915s] -- Found rmw_fastrtps_cpp: 6.2.7 (/opt/ros/humble/share/rmw_fastrtps_cpp/cmake)
[1.027s] -- Found OpenSSL: /usr/lib/x86_64-linux-gnu/libcrypto.so (found version "3.0.2")  
[1.048s] -- Found FastRTPS: /opt/ros/humble/include  
[1.075s] -- Using RMW implementation 'rmw_fastrtps_cpp' as default
[1.089s] -- Looking for pthread.h
[1.157s] -- Looking for pthread.h - found
[1.158s] -- Performing Test CMAKE_HAVE_LIBC_PTHREAD
[1.228s] -- Performing Test CMAKE_HAVE_LIBC_PTHREAD - Success
[1.229s] -- Found Threads: TRUE  
[1.295s] -- Found ament_lint_auto: 0.12.11 (/opt/ros/humble/share/ament_lint_auto/cmake)
[1.340s] -- Configuring done
[1.343s] -- Generating done
[1.345s] -- Build files have been written to: /home/drone/comp0244_ws/comp0244-go2/src/build/champ
[1.355s] Invoked command in '/home/drone/comp0244_ws/comp0244-go2/src/build/champ' returned '0': CMAKE_PREFIX_PATH=${CMAKE_PREFIX_PATH}:/home/drone/project_gazebo_ws/install/as2_visualization:/home/drone/project_gazebo_ws/install/as2_keyboard_teleoperation:/home/drone/project_gazebo_ws/install/as2_python_api:/opt/ros/humble /usr/bin/cmake /home/drone/comp0244_ws/comp0244-go2/src/unitree-go2-ros2/champ/champ -DCMAKE_INSTALL_PREFIX=/home/drone/comp0244_ws/comp0244-go2/src/install/champ
[1.356s] Invoking command in '/home/drone/comp0244_ws/comp0244-go2/src/build/champ': CMAKE_PREFIX_PATH=${CMAKE_PREFIX_PATH}:/home/drone/project_gazebo_ws/install/as2_visualization:/home/drone/project_gazebo_ws/install/as2_keyboard_teleoperation:/home/drone/project_gazebo_ws/install/as2_python_api:/opt/ros/humble /usr/bin/cmake --build /home/drone/comp0244_ws/comp0244-go2/src/build/champ -- -j22 -l22
[1.385s] Invoked command in '/home/drone/comp0244_ws/comp0244-go2/src/build/champ' returned '0': CMAKE_PREFIX_PATH=${CMAKE_PREFIX_PATH}:/home/drone/project_gazebo_ws/install/as2_visualization:/home/drone/project_gazebo_ws/install/as2_keyboard_teleoperation:/home/drone/project_gazebo_ws/install/as2_python_api:/opt/ros/humble /usr/bin/cmake --build /home/drone/comp0244_ws/comp0244-go2/src/build/champ -- -j22 -l22
[1.386s] Invoking command in '/home/drone/comp0244_ws/comp0244-go2/src/build/champ': CMAKE_PREFIX_PATH=${CMAKE_PREFIX_PATH}:/home/drone/project_gazebo_ws/install/as2_visualization:/home/drone/project_gazebo_ws/install/as2_keyboard_teleoperation:/home/drone/project_gazebo_ws/install/as2_python_api:/opt/ros/humble /usr/bin/cmake --install /home/drone/comp0244_ws/comp0244-go2/src/build/champ
[1.391s] -- Install configuration: ""
[1.391s] -- Installing: /home/drone/comp0244_ws/comp0244-go2/src/install/champ/include
[1.391s] -- Installing: /home/drone/comp0244_ws/comp0244-go2/src/install/champ/include/champ
[1.391s] -- Installing: /home/drone/comp0244_ws/comp0244-go2/src/install/champ/include/champ/kinematics
[1.391s] -- Installing: /home/drone/comp0244_ws/comp0244-go2/src/install/champ/include/champ/kinematics/kinematics.h
[1.391s] -- Installing: /home/drone/comp0244_ws/comp0244-go2/src/install/champ/include/champ/bla
[1.391s] -- Installing: /home/drone/comp0244_ws/comp0244-go2/src/install/champ/include/champ/bla/memory_delegate.h
[1.392s] -- Installing: /home/drone/comp0244_ws/comp0244-go2/src/install/champ/include/champ/bla/basic_linear_algebra.h
[1.392s] -- Installing: /home/drone/comp0244_ws/comp0244-go2/src/install/champ/include/champ/LICENSE
[1.392s] -- Installing: /home/drone/comp0244_ws/comp0244-go2/src/install/champ/include/champ/utils
[1.392s] -- Installing: /home/drone/comp0244_ws/comp0244-go2/src/install/champ/include/champ/utils/urdf_loader.h
[1.393s] -- Installing: /home/drone/comp0244_ws/comp0244-go2/src/install/champ/include/champ/utils/xmlrpc_helpers.h
[1.393s] -- Installing: /home/drone/comp0244_ws/comp0244-go2/src/install/champ/include/champ/geometry
[1.393s] -- Installing: /home/drone/comp0244_ws/comp0244-go2/src/install/champ/include/champ/geometry/geometry.h
[1.393s] -- Installing: /home/drone/comp0244_ws/comp0244-go2/src/install/champ/include/champ/README.md
[1.393s] -- Installing: /home/drone/comp0244_ws/comp0244-go2/src/install/champ/include/champ/leg_controller
[1.393s] -- Installing: /home/drone/comp0244_ws/comp0244-go2/src/install/champ/include/champ/leg_controller/leg_controller.h
[1.394s] -- Installing: /home/drone/comp0244_ws/comp0244-go2/src/install/champ/include/champ/leg_controller/phase_generator.h
[1.394s] -- Installing: /home/drone/comp0244_ws/comp0244-go2/src/install/champ/include/champ/leg_controller/trajectory_planner.h
[1.394s] -- Installing: /home/drone/comp0244_ws/comp0244-go2/src/install/champ/include/champ/body_controller
[1.394s] -- Installing: /home/drone/comp0244_ws/comp0244-go2/src/install/champ/include/champ/body_controller/body_controller.h
[1.394s] -- Installing: /home/drone/comp0244_ws/comp0244-go2/src/install/champ/include/champ/quadruped_base
[1.394s] -- Installing: /home/drone/comp0244_ws/comp0244-go2/src/install/champ/include/champ/quadruped_base/quadruped_joint.h
[1.395s] -- Installing: /home/drone/comp0244_ws/comp0244-go2/src/install/champ/include/champ/quadruped_base/quadruped_components.h
[1.395s] -- Installing: /home/drone/comp0244_ws/comp0244-go2/src/install/champ/include/champ/quadruped_base/quadruped_base.h
[1.395s] -- Installing: /home/drone/comp0244_ws/comp0244-go2/src/install/champ/include/champ/quadruped_base/quadruped_leg.h
[1.395s] -- Installing: /home/drone/comp0244_ws/comp0244-go2/src/install/champ/include/champ/macros
[1.395s] -- Installing: /home/drone/comp0244_ws/comp0244-go2/src/install/champ/include/champ/macros/macros.h
[1.395s] -- Installing: /home/drone/comp0244_ws/comp0244-go2/src/install/champ/include/champ/odometry
[1.395s] -- Installing: /home/drone/comp0244_ws/comp0244-go2/src/install/champ/include/champ/odometry/odometry.h
[1.396s] -- Installing: /home/drone/comp0244_ws/comp0244-go2/src/install/champ/share/ament_index/resource_index/package_run_dependencies/champ
[1.396s] -- Installing: /home/drone/comp0244_ws/comp0244-go2/src/install/champ/share/ament_index/resource_index/parent_prefix_path/champ
[1.396s] -- Installing: /home/drone/comp0244_ws/comp0244-go2/src/install/champ/share/champ/environment/ament_prefix_path.sh
[1.396s] -- Installing: /home/drone/comp0244_ws/comp0244-go2/src/install/champ/share/champ/environment/ament_prefix_path.dsv
[1.396s] -- Installing: /home/drone/comp0244_ws/comp0244-go2/src/install/champ/share/champ/environment/path.sh
[1.396s] -- Installing: /home/drone/comp0244_ws/comp0244-go2/src/install/champ/share/champ/environment/path.dsv
[1.396s] -- Installing: /home/drone/comp0244_ws/comp0244-go2/src/install/champ/share/champ/local_setup.bash
[1.396s] -- Installing: /home/drone/comp0244_ws/comp0244-go2/src/install/champ/share/champ/local_setup.sh
[1.397s] -- Installing: /home/drone/comp0244_ws/comp0244-go2/src/install/champ/share/champ/local_setup.zsh
[1.397s] -- Installing: /home/drone/comp0244_ws/comp0244-go2/src/install/champ/share/champ/local_setup.dsv
[1.397s] -- Installing: /home/drone/comp0244_ws/comp0244-go2/src/install/champ/share/champ/package.dsv
[1.397s] -- Installing: /home/drone/comp0244_ws/comp0244-go2/src/install/champ/share/ament_index/resource_index/packages/champ
[1.397s] -- Installing: /home/drone/comp0244_ws/comp0244-go2/src/install/champ/share/champ/cmake/ament_cmake_export_include_directories-extras.cmake
[1.397s] -- Installing: /home/drone/comp0244_ws/comp0244-go2/src/install/champ/share/champ/cmake/champConfig.cmake
[1.397s] -- Installing: /home/drone/comp0244_ws/comp0244-go2/src/install/champ/share/champ/cmake/champConfig-version.cmake
[1.397s] -- Installing: /home/drone/comp0244_ws/comp0244-go2/src/install/champ/share/champ/package.xml
[1.398s] Invoked command in '/home/drone/comp0244_ws/comp0244-go2/src/build/champ' returned '0': CMAKE_PREFIX_PATH=${CMAKE_PREFIX_PATH}:/home/drone/project_gazebo_ws/install/as2_visualization:/home/drone/project_gazebo_ws/install/as2_keyboard_teleoperation:/home/drone/project_gazebo_ws/install/as2_python_api:/opt/ros/humble /usr/bin/cmake --install /home/drone/comp0244_ws/comp0244-go2/src/build/champ
