-- The C compiler identification is GNU 11.4.0
-- The CXX compiler identification is GNU 11.4.0
-- Detecting C compiler ABI info
-- Detecting C compiler ABI info - done
-- Check for working C compiler: /usr/bin/cc - skipped
-- Detecting C compile features
-- Detecting C compile features - done
-- Detecting CXX compiler ABI info
-- Detecting CXX compiler ABI info - done
-- Check for working CXX compiler: /usr/bin/c++ - skipped
-- Detecting CXX compile features
-- Detecting CXX compile features - done
-- Found ament_cmake: 1.3.11 (/opt/ros/humble/share/ament_cmake/cmake)
-- Found Python3: /usr/bin/python3 (found version "3.10.12") found components: Interpreter 
-- Found rclcpp: 16.0.11 (/opt/ros/humble/share/rclcpp/cmake)
-- Found rosidl_generator_c: 3.1.6 (/opt/ros/humble/share/rosidl_generator_c/cmake)
-- Found rosidl_adapter: 3.1.6 (/opt/ros/humble/share/rosidl_adapter/cmake)
-- Found rosidl_generator_cpp: 3.1.6 (/opt/ros/humble/share/rosidl_generator_cpp/cmake)
-- Using all available rosidl_typesupport_c: rosidl_typesupport_fastrtps_c;rosidl_typesupport_introspection_c
-- Using all available rosidl_typesupport_cpp: rosidl_typesupport_fastrtps_cpp;rosidl_typesupport_introspection_cpp
-- Found rmw_implementation_cmake: 6.1.2 (/opt/ros/humble/share/rmw_implementation_cmake/cmake)
-- Found rmw_fastrtps_cpp: 6.2.7 (/opt/ros/humble/share/rmw_fastrtps_cpp/cmake)
-- Found OpenSSL: /usr/lib/x86_64-linux-gnu/libcrypto.so (found version "3.0.2")  
-- Found FastRTPS: /opt/ros/humble/include  
-- Using RMW implementation 'rmw_fastrtps_cpp' as default
-- Looking for pthread.h
-- Looking for pthread.h - found
-- Performing Test CMAKE_HAVE_LIBC_PTHREAD
-- Performing Test CMAKE_HAVE_LIBC_PTHREAD - Success
-- Found Threads: TRUE  
-- Found urdf: 2.6.1 (/opt/ros/humble/share/urdf/cmake)
-- Found champ: 0.1.0 (/home/drone/comp0244_ws/comp0244-go2/src/install/champ/share/champ/cmake)
-- Found champ_msgs: 0.1.0 (/home/drone/comp0244_ws/comp0244-go2/src/install/champ_msgs/share/champ_msgs/cmake)
[31mCMake Error at CMakeLists.txt:11 (find_package):
  By not providing "Findgazebo_ros2_control.cmake" in CMAKE_MODULE_PATH this
  project has asked CMake to find a package configuration file provided by
  "gazebo_ros2_control", but CMake did not find one.

  Could not find a package configuration file provided by
  "gazebo_ros2_control" with any of the following names:

    gazebo_ros2_controlConfig.cmake
    gazebo_ros2_control-config.cmake

  Add the installation prefix of "gazebo_ros2_control" to CMAKE_PREFIX_PATH
  or set "gazebo_ros2_control_DIR" to a directory containing one of the above
  files.  If "gazebo_ros2_control" provides a separate development package or
  SDK, be sure it has been installed.

[0m
-- Configuring incomplete, errors occurred!
See also "/home/drone/comp0244_ws/comp0244-go2/src/build/champ_gazebo/CMakeFiles/CMakeOutput.log".
