[0.009s] Invoking command in '/home/drone/comp0244_ws/comp0244-go2/src/build/champ_gazebo': AMENT_PREFIX_PATH=/home/drone/comp0244_ws/comp0244-go2/src/install/champ_msgs:/home/drone/comp0244_ws/comp0244-go2/src/install/champ:${AMENT_PREFIX_PATH} CMAKE_PREFIX_PATH=/home/drone/comp0244_ws/comp0244-go2/src/install/champ_msgs:/home/drone/comp0244_ws/comp0244-go2/src/install/champ:/home/drone/project_gazebo_ws/install/aerostack2:/home/drone/project_gazebo_ws/install/as2_usb_camera_interface:/home/drone/project_gazebo_ws/install/as2_state_estimator:/home/drone/project_gazebo_ws/install/as2_rviz_plugins:/home/drone/project_gazebo_ws/install/as2_realsense_interface:/home/drone/project_gazebo_ws/install/as2_platform_multirotor_simulator:/home/drone/project_gazebo_ws/install/as2_platform_gazebo:/home/drone/project_gazebo_ws/install/as2_motion_controller:/home/drone/project_gazebo_ws/install/as2_behaviors_trajectory_generation:/home/drone/project_gazebo_ws/install/as2_behaviors_motion:/home/drone/project_gazebo_ws/install/as2_motion_reference_handlers:/home/drone/project_gazebo_ws/install/as2_map_server:/home/drone/project_gazebo_ws/install/as2_geozones:/home/drone/project_gazebo_ws/install/as2_gazebo_assets:/home/drone/project_gazebo_ws/install/as2_external_object_to_tf:/home/drone/project_gazebo_ws/install/as2_behaviors_platform:/home/drone/project_gazebo_ws/install/as2_behaviors_perception:/home/drone/project_gazebo_ws/install/as2_behaviors_path_planning:/home/drone/project_gazebo_ws/install/as2_behavior_tree:/home/drone/project_gazebo_ws/install/as2_behavior:/home/drone/project_gazebo_ws/install/as2_alphanumeric_viewer:/home/drone/project_gazebo_ws/install/as2_core:/home/drone/project_gazebo_ws/install/as2_msgs:/home/drone/project_gazebo_ws/install/as2_cli:/home/drone/project_gazebo_ws/install/as2_visualization:/home/drone/project_gazebo_ws/install/as2_keyboard_teleoperation:/home/drone/project_gazebo_ws/install/as2_python_api:/opt/ros/humble LD_LIBRARY_PATH=/home/drone/comp0244_ws/comp0244-go2/src/install/champ_msgs/lib:${LD_LIBRARY_PATH} PYTHONPATH=/home/drone/comp0244_ws/comp0244-go2/src/install/champ_msgs/local/lib/python3.10/dist-packages:${PYTHONPATH} /usr/bin/cmake /home/drone/comp0244_ws/comp0244-go2/src/unitree-go2-ros2/champ/champ_gazebo -DCMAKE_INSTALL_PREFIX=/home/drone/comp0244_ws/comp0244-go2/src/install/champ_gazebo
[0.052s] -- The C compiler identification is GNU 11.4.0
[0.093s] -- The CXX compiler identification is GNU 11.4.0
[0.098s] -- Detecting C compiler ABI info
[0.154s] -- Detecting C compiler ABI info - done
[0.158s] -- Check for working C compiler: /usr/bin/cc - skipped
[0.158s] -- Detecting C compile features
[0.158s] -- Detecting C compile features - done
[0.160s] -- Detecting CXX compiler ABI info
[0.215s] -- Detecting CXX compiler ABI info - done
[0.220s] -- Check for working CXX compiler: /usr/bin/c++ - skipped
[0.220s] -- Detecting CXX compile features
[0.220s] -- Detecting CXX compile features - done
[0.222s] -- Found ament_cmake: 1.3.11 (/opt/ros/humble/share/ament_cmake/cmake)
[0.344s] -- Found Python3: /usr/bin/python3 (found version "3.10.12") found components: Interpreter 
[0.418s] -- Found rclcpp: 16.0.11 (/opt/ros/humble/share/rclcpp/cmake)
[0.449s] -- Found rosidl_generator_c: 3.1.6 (/opt/ros/humble/share/rosidl_generator_c/cmake)
[0.453s] -- Found rosidl_adapter: 3.1.6 (/opt/ros/humble/share/rosidl_adapter/cmake)
[0.459s] -- Found rosidl_generator_cpp: 3.1.6 (/opt/ros/humble/share/rosidl_generator_cpp/cmake)
[0.467s] -- Using all available rosidl_typesupport_c: rosidl_typesupport_fastrtps_c;rosidl_typesupport_introspection_c
[0.479s] -- Using all available rosidl_typesupport_cpp: rosidl_typesupport_fastrtps_cpp;rosidl_typesupport_introspection_cpp
[0.511s] -- Found rmw_implementation_cmake: 6.1.2 (/opt/ros/humble/share/rmw_implementation_cmake/cmake)
[0.514s] -- Found rmw_fastrtps_cpp: 6.2.7 (/opt/ros/humble/share/rmw_fastrtps_cpp/cmake)
[0.584s] -- Found OpenSSL: /usr/lib/x86_64-linux-gnu/libcrypto.so (found version "3.0.2")  
[0.609s] -- Found FastRTPS: /opt/ros/humble/include  
[0.642s] -- Using RMW implementation 'rmw_fastrtps_cpp' as default
[0.649s] -- Looking for pthread.h
[0.714s] -- Looking for pthread.h - found
[0.715s] -- Performing Test CMAKE_HAVE_LIBC_PTHREAD
[0.766s] -- Performing Test CMAKE_HAVE_LIBC_PTHREAD - Success
[0.767s] -- Found Threads: TRUE  
[0.807s] -- Found urdf: 2.6.1 (/opt/ros/humble/share/urdf/cmake)
[0.843s] -- Found champ: 0.1.0 (/home/drone/comp0244_ws/comp0244-go2/src/install/champ/share/champ/cmake)
[0.844s] -- Found champ_msgs: 0.1.0 (/home/drone/comp0244_ws/comp0244-go2/src/install/champ_msgs/share/champ_msgs/cmake)
[0.866s] [31mCMake Error at CMakeLists.txt:11 (find_package):
[0.866s]   By not providing "Findgazebo_ros2_control.cmake" in CMAKE_MODULE_PATH this
[0.866s]   project has asked CMake to find a package configuration file provided by
[0.866s]   "gazebo_ros2_control", but CMake did not find one.
[0.866s] 
[0.866s]   Could not find a package configuration file provided by
[0.866s]   "gazebo_ros2_control" with any of the following names:
[0.866s] 
[0.867s]     gazebo_ros2_controlConfig.cmake
[0.867s]     gazebo_ros2_control-config.cmake
[0.867s] 
[0.867s]   Add the installation prefix of "gazebo_ros2_control" to CMAKE_PREFIX_PATH
[0.867s]   or set "gazebo_ros2_control_DIR" to a directory containing one of the above
[0.867s]   files.  If "gazebo_ros2_control" provides a separate development package or
[0.867s]   SDK, be sure it has been installed.
[0.867s] 
[0.867s] [0m
[0.867s] -- Configuring incomplete, errors occurred!
[0.867s] See also "/home/drone/comp0244_ws/comp0244-go2/src/build/champ_gazebo/CMakeFiles/CMakeOutput.log".
[0.872s] Invoked command in '/home/drone/comp0244_ws/comp0244-go2/src/build/champ_gazebo' returned '1': AMENT_PREFIX_PATH=/home/drone/comp0244_ws/comp0244-go2/src/install/champ_msgs:/home/drone/comp0244_ws/comp0244-go2/src/install/champ:${AMENT_PREFIX_PATH} CMAKE_PREFIX_PATH=/home/drone/comp0244_ws/comp0244-go2/src/install/champ_msgs:/home/drone/comp0244_ws/comp0244-go2/src/install/champ:/home/drone/project_gazebo_ws/install/aerostack2:/home/drone/project_gazebo_ws/install/as2_usb_camera_interface:/home/drone/project_gazebo_ws/install/as2_state_estimator:/home/drone/project_gazebo_ws/install/as2_rviz_plugins:/home/drone/project_gazebo_ws/install/as2_realsense_interface:/home/drone/project_gazebo_ws/install/as2_platform_multirotor_simulator:/home/drone/project_gazebo_ws/install/as2_platform_gazebo:/home/drone/project_gazebo_ws/install/as2_motion_controller:/home/drone/project_gazebo_ws/install/as2_behaviors_trajectory_generation:/home/drone/project_gazebo_ws/install/as2_behaviors_motion:/home/drone/project_gazebo_ws/install/as2_motion_reference_handlers:/home/drone/project_gazebo_ws/install/as2_map_server:/home/drone/project_gazebo_ws/install/as2_geozones:/home/drone/project_gazebo_ws/install/as2_gazebo_assets:/home/drone/project_gazebo_ws/install/as2_external_object_to_tf:/home/drone/project_gazebo_ws/install/as2_behaviors_platform:/home/drone/project_gazebo_ws/install/as2_behaviors_perception:/home/drone/project_gazebo_ws/install/as2_behaviors_path_planning:/home/drone/project_gazebo_ws/install/as2_behavior_tree:/home/drone/project_gazebo_ws/install/as2_behavior:/home/drone/project_gazebo_ws/install/as2_alphanumeric_viewer:/home/drone/project_gazebo_ws/install/as2_core:/home/drone/project_gazebo_ws/install/as2_msgs:/home/drone/project_gazebo_ws/install/as2_cli:/home/drone/project_gazebo_ws/install/as2_visualization:/home/drone/project_gazebo_ws/install/as2_keyboard_teleoperation:/home/drone/project_gazebo_ws/install/as2_python_api:/opt/ros/humble LD_LIBRARY_PATH=/home/drone/comp0244_ws/comp0244-go2/src/install/champ_msgs/lib:${LD_LIBRARY_PATH} PYTHONPATH=/home/drone/comp0244_ws/comp0244-go2/src/install/champ_msgs/local/lib/python3.10/dist-packages:${PYTHONPATH} /usr/bin/cmake /home/drone/comp0244_ws/comp0244-go2/src/unitree-go2-ros2/champ/champ_gazebo -DCMAKE_INSTALL_PREFIX=/home/drone/comp0244_ws/comp0244-go2/src/install/champ_gazebo
