[0.037s] Invoking command in '/home/drone/comp0244_ws/comp0244-go2/src/build/champ': CMAKE_PREFIX_PATH=${CMAKE_PREFIX_PATH}:/home/drone/project_gazebo_ws/install/as2_visualization:/home/drone/project_gazebo_ws/install/as2_keyboard_teleoperation:/home/drone/project_gazebo_ws/install/as2_python_api:/opt/ros/humble /usr/bin/cmake --build /home/drone/comp0244_ws/comp0244-go2/src/build/champ -- -j22 -l22
[0.696s] Invoked command in '/home/drone/comp0244_ws/comp0244-go2/src/build/champ' returned '0': CMAKE_PREFIX_PATH=${CMAKE_PREFIX_PATH}:/home/drone/project_gazebo_ws/install/as2_visualization:/home/drone/project_gazebo_ws/install/as2_keyboard_teleoperation:/home/drone/project_gazebo_ws/install/as2_python_api:/opt/ros/humble /usr/bin/cmake --build /home/drone/comp0244_ws/comp0244-go2/src/build/champ -- -j22 -l22
[0.703s] Invoking command in '/home/drone/comp0244_ws/comp0244-go2/src/build/champ': CMAKE_PREFIX_PATH=${CMAKE_PREFIX_PATH}:/home/drone/project_gazebo_ws/install/as2_visualization:/home/drone/project_gazebo_ws/install/as2_keyboard_teleoperation:/home/drone/project_gazebo_ws/install/as2_python_api:/opt/ros/humble /usr/bin/cmake --install /home/drone/comp0244_ws/comp0244-go2/src/build/champ
[0.716s] -- Install configuration: ""
[0.717s] -- Up-to-date: /home/drone/comp0244_ws/comp0244-go2/src/install/champ/include
[0.717s] -- Up-to-date: /home/drone/comp0244_ws/comp0244-go2/src/install/champ/include/champ
[0.717s] -- Up-to-date: /home/drone/comp0244_ws/comp0244-go2/src/install/champ/include/champ/kinematics
[0.717s] -- Up-to-date: /home/drone/comp0244_ws/comp0244-go2/src/install/champ/include/champ/kinematics/kinematics.h
[0.718s] -- Up-to-date: /home/drone/comp0244_ws/comp0244-go2/src/install/champ/include/champ/bla
[0.718s] -- Up-to-date: /home/drone/comp0244_ws/comp0244-go2/src/install/champ/include/champ/bla/memory_delegate.h
[0.719s] -- Up-to-date: /home/drone/comp0244_ws/comp0244-go2/src/install/champ/include/champ/bla/basic_linear_algebra.h
[0.719s] -- Up-to-date: /home/drone/comp0244_ws/comp0244-go2/src/install/champ/include/champ/LICENSE
[0.720s] -- Up-to-date: /home/drone/comp0244_ws/comp0244-go2/src/install/champ/include/champ/utils
[0.720s] -- Up-to-date: /home/drone/comp0244_ws/comp0244-go2/src/install/champ/include/champ/utils/urdf_loader.h
[0.720s] -- Up-to-date: /home/drone/comp0244_ws/comp0244-go2/src/install/champ/include/champ/utils/xmlrpc_helpers.h
[0.720s] -- Up-to-date: /home/drone/comp0244_ws/comp0244-go2/src/install/champ/include/champ/geometry
[0.720s] -- Up-to-date: /home/drone/comp0244_ws/comp0244-go2/src/install/champ/include/champ/geometry/geometry.h
[0.720s] -- Up-to-date: /home/drone/comp0244_ws/comp0244-go2/src/install/champ/include/champ/README.md
[0.720s] -- Up-to-date: /home/drone/comp0244_ws/comp0244-go2/src/install/champ/include/champ/leg_controller
[0.720s] -- Up-to-date: /home/drone/comp0244_ws/comp0244-go2/src/install/champ/include/champ/leg_controller/leg_controller.h
[0.720s] -- Up-to-date: /home/drone/comp0244_ws/comp0244-go2/src/install/champ/include/champ/leg_controller/phase_generator.h
[0.720s] -- Up-to-date: /home/drone/comp0244_ws/comp0244-go2/src/install/champ/include/champ/leg_controller/trajectory_planner.h
[0.720s] -- Up-to-date: /home/drone/comp0244_ws/comp0244-go2/src/install/champ/include/champ/body_controller
[0.720s] -- Up-to-date: /home/drone/comp0244_ws/comp0244-go2/src/install/champ/include/champ/body_controller/body_controller.h
[0.720s] -- Up-to-date: /home/drone/comp0244_ws/comp0244-go2/src/install/champ/include/champ/quadruped_base
[0.720s] -- Up-to-date: /home/drone/comp0244_ws/comp0244-go2/src/install/champ/include/champ/quadruped_base/quadruped_joint.h
[0.720s] -- Up-to-date: /home/drone/comp0244_ws/comp0244-go2/src/install/champ/include/champ/quadruped_base/quadruped_components.h
[0.720s] -- Up-to-date: /home/drone/comp0244_ws/comp0244-go2/src/install/champ/include/champ/quadruped_base/quadruped_base.h
[0.721s] -- Up-to-date: /home/drone/comp0244_ws/comp0244-go2/src/install/champ/include/champ/quadruped_base/quadruped_leg.h
[0.721s] -- Up-to-date: /home/drone/comp0244_ws/comp0244-go2/src/install/champ/include/champ/macros
[0.721s] -- Up-to-date: /home/drone/comp0244_ws/comp0244-go2/src/install/champ/include/champ/macros/macros.h
[0.721s] -- Up-to-date: /home/drone/comp0244_ws/comp0244-go2/src/install/champ/include/champ/odometry
[0.721s] -- Up-to-date: /home/drone/comp0244_ws/comp0244-go2/src/install/champ/include/champ/odometry/odometry.h
[0.721s] -- Up-to-date: /home/drone/comp0244_ws/comp0244-go2/src/install/champ/share/ament_index/resource_index/package_run_dependencies/champ
[0.721s] -- Up-to-date: /home/drone/comp0244_ws/comp0244-go2/src/install/champ/share/ament_index/resource_index/parent_prefix_path/champ
[0.721s] -- Up-to-date: /home/drone/comp0244_ws/comp0244-go2/src/install/champ/share/champ/environment/ament_prefix_path.sh
[0.721s] -- Up-to-date: /home/drone/comp0244_ws/comp0244-go2/src/install/champ/share/champ/environment/ament_prefix_path.dsv
[0.721s] -- Up-to-date: /home/drone/comp0244_ws/comp0244-go2/src/install/champ/share/champ/environment/path.sh
[0.721s] -- Up-to-date: /home/drone/comp0244_ws/comp0244-go2/src/install/champ/share/champ/environment/path.dsv
[0.721s] -- Up-to-date: /home/drone/comp0244_ws/comp0244-go2/src/install/champ/share/champ/local_setup.bash
[0.721s] -- Up-to-date: /home/drone/comp0244_ws/comp0244-go2/src/install/champ/share/champ/local_setup.sh
[0.721s] -- Up-to-date: /home/drone/comp0244_ws/comp0244-go2/src/install/champ/share/champ/local_setup.zsh
[0.722s] -- Up-to-date: /home/drone/comp0244_ws/comp0244-go2/src/install/champ/share/champ/local_setup.dsv
[0.722s] -- Up-to-date: /home/drone/comp0244_ws/comp0244-go2/src/install/champ/share/champ/package.dsv
[0.722s] -- Up-to-date: /home/drone/comp0244_ws/comp0244-go2/src/install/champ/share/ament_index/resource_index/packages/champ
[0.722s] -- Up-to-date: /home/drone/comp0244_ws/comp0244-go2/src/install/champ/share/champ/cmake/ament_cmake_export_include_directories-extras.cmake
[0.722s] -- Up-to-date: /home/drone/comp0244_ws/comp0244-go2/src/install/champ/share/champ/cmake/champConfig.cmake
[0.722s] -- Up-to-date: /home/drone/comp0244_ws/comp0244-go2/src/install/champ/share/champ/cmake/champConfig-version.cmake
[0.722s] -- Up-to-date: /home/drone/comp0244_ws/comp0244-go2/src/install/champ/share/champ/package.xml
[0.750s] Invoked command in '/home/drone/comp0244_ws/comp0244-go2/src/build/champ' returned '0': CMAKE_PREFIX_PATH=${CMAKE_PREFIX_PATH}:/home/drone/project_gazebo_ws/install/as2_visualization:/home/drone/project_gazebo_ws/install/as2_keyboard_teleoperation:/home/drone/project_gazebo_ws/install/as2_python_api:/opt/ros/humble /usr/bin/cmake --install /home/drone/comp0244_ws/comp0244-go2/src/build/champ
