[0.054s] Invoking command in '/home/drone/comp0244_ws/comp0244-go2/src/build/livox_ros_driver2': CMAKE_PREFIX_PATH=${CMAKE_PREFIX_PATH}:/home/drone/project_gazebo_ws/install/as2_visualization:/home/drone/project_gazebo_ws/install/as2_keyboard_teleoperation:/home/drone/project_gazebo_ws/install/as2_python_api:/opt/ros/humble /usr/bin/cmake /home/drone/comp0244_ws/comp0244-go2/src/livox_ros_driver2 -DCMAKE_INSTALL_PREFIX=/home/drone/comp0244_ws/comp0244-go2/src/install/livox_ros_driver2
[0.528s] -- The C compiler identification is GNU 11.4.0
[0.528s] -- The CXX compiler identification is GNU 11.4.0
[0.528s] -- Detecting C compiler ABI info
[0.528s] -- Detecting C compiler ABI info - done
[0.528s] -- Check for working C compiler: /usr/bin/cc - skipped
[0.529s] -- Detecting C compile features
[0.529s] -- Detecting C compile features - done
[0.529s] -- Detecting CXX compiler ABI info
[0.529s] -- Detecting CXX compiler ABI info - done
[0.529s] -- Check for working CXX compiler: /usr/bin/c++ - skipped
[0.529s] -- Detecting CXX compile features
[0.529s] -- Detecting CXX compile features - done
[0.529s] -- livox_ros_driver2 version: 1.2.4
[0.529s] -- Found ament_cmake_auto: 1.3.11 (/opt/ros/humble/share/ament_cmake_auto/cmake)
[0.606s] -- Found Python3: /usr/bin/python3 (found version "3.10.12") found components: Interpreter 
[0.752s] -- Using all available rosidl_typesupport_c: rosidl_typesupport_fastrtps_c;rosidl_typesupport_introspection_c
[0.757s] -- Found rosidl_adapter: 3.1.6 (/opt/ros/humble/share/rosidl_adapter/cmake)
[0.787s] -- Using all available rosidl_typesupport_cpp: rosidl_typesupport_fastrtps_cpp;rosidl_typesupport_introspection_cpp
[0.898s] -- Found rmw_implementation_cmake: 6.1.2 (/opt/ros/humble/share/rmw_implementation_cmake/cmake)
[0.907s] -- Found rmw_fastrtps_cpp: 6.2.7 (/opt/ros/humble/share/rmw_fastrtps_cpp/cmake)
[1.019s] -- Found OpenSSL: /usr/lib/x86_64-linux-gnu/libcrypto.so (found version "3.0.2")  
[1.048s] -- Found FastRTPS: /opt/ros/humble/include  
[1.075s] -- Using RMW implementation 'rmw_fastrtps_cpp' as default
[1.082s] -- Looking for pthread.h
[1.164s] -- Looking for pthread.h - found
[1.164s] -- Performing Test CMAKE_HAVE_LIBC_PTHREAD
[1.227s] -- Performing Test CMAKE_HAVE_LIBC_PTHREAD - Success
[1.228s] -- Found Threads: TRUE  
[1.374s] -- Checking for module 'eigen3'
[1.386s] --   Found eigen3, version 3.4.0
[1.418s] -- Found Eigen: /usr/include/eigen3 (Required is at least version "3.1") 
[1.418s] -- Eigen found (include: /usr/include/eigen3, version: 3.4.0)
[1.457s] -- Checking for module 'flann'
[1.471s] --   Found flann, version 1.9.1
[1.512s] -- Found FLANN: /usr/lib/x86_64-linux-gnu/libflann_cpp.so  
[1.513s] -- FLANN found (include: /usr/include, lib: /usr/lib/x86_64-linux-gnu/libflann_cpp.so)
[2.603s] -- Checking for module 'libusb-1.0'
[2.625s] --   Found libusb-1.0, version 1.0.25
[2.673s] -- Found libusb: /usr/lib/x86_64-linux-gnu/libusb-1.0.so  
[2.674s] -- OpenNI found (version: 1.5.4.0, include: /usr/include/ni, lib: /usr/lib/libOpenNI.so;libusb::libusb)
[2.757s] -- OpenNI2 found (version: 2.2.0.33, include: /usr/include/openni2, lib: /usr/lib/x86_64-linux-gnu/libOpenNI2.so;libusb::libusb)
[3.001s] -- Eigen found (include: /usr/include/eigen3, version: 3.4.0)
[3.006s] -- OpenNI found (version: 1.5.4.0, include: /usr/include/ni, lib: /usr/lib/libOpenNI.so;libusb::libusb)
[3.011s] -- OpenNI2 found (version: 2.2.0.33, include: /usr/include/openni2, lib: /usr/lib/x86_64-linux-gnu/libOpenNI2.so;libusb::libusb)
[3.121s] -- Found Qhull version 8.0.2
[3.218s] -- OpenNI found (version: 1.5.4.0, include: /usr/include/ni, lib: /usr/lib/libOpenNI.so;libusb::libusb)
[3.311s] -- Found PCL_COMMON: /usr/lib/x86_64-linux-gnu/libpcl_common.so  
[3.312s] -- Found PCL_KDTREE: /usr/lib/x86_64-linux-gnu/libpcl_kdtree.so  
[3.312s] -- Found PCL_OCTREE: /usr/lib/x86_64-linux-gnu/libpcl_octree.so  
[3.313s] -- Found PCL_SEARCH: /usr/lib/x86_64-linux-gnu/libpcl_search.so  
[3.313s] -- Found PCL_SAMPLE_CONSENSUS: /usr/lib/x86_64-linux-gnu/libpcl_sample_consensus.so  
[3.314s] -- Found PCL_FILTERS: /usr/lib/x86_64-linux-gnu/libpcl_filters.so  
[3.315s] -- Found PCL_2D: /usr/include/pcl-1.12  
[3.315s] -- Found PCL_GEOMETRY: /usr/include/pcl-1.12  
[3.315s] -- Found PCL_IO: /usr/lib/x86_64-linux-gnu/libpcl_io.so  
[3.316s] -- Found PCL_FEATURES: /usr/lib/x86_64-linux-gnu/libpcl_features.so  
[3.317s] -- Found PCL_ML: /usr/lib/x86_64-linux-gnu/libpcl_ml.so  
[3.317s] -- Found PCL_SEGMENTATION: /usr/lib/x86_64-linux-gnu/libpcl_segmentation.so  
[3.318s] -- Found PCL_VISUALIZATION: /usr/lib/x86_64-linux-gnu/libpcl_visualization.so  
[3.318s] -- Found PCL_SURFACE: /usr/lib/x86_64-linux-gnu/libpcl_surface.so  
[3.319s] -- Found PCL_REGISTRATION: /usr/lib/x86_64-linux-gnu/libpcl_registration.so  
[3.319s] -- Found PCL_KEYPOINTS: /usr/lib/x86_64-linux-gnu/libpcl_keypoints.so  
[3.320s] -- Found PCL_TRACKING: /usr/lib/x86_64-linux-gnu/libpcl_tracking.so  
[3.321s] -- Found PCL_RECOGNITION: /usr/lib/x86_64-linux-gnu/libpcl_recognition.so  
[3.321s] -- Found PCL_STEREO: /usr/lib/x86_64-linux-gnu/libpcl_stereo.so  
[3.322s] -- Found PCL_APPS: /usr/lib/x86_64-linux-gnu/libpcl_apps.so  
[3.322s] -- Found PCL_IN_HAND_SCANNER: /usr/include/pcl-1.12  
[3.322s] -- Found PCL_MODELER: /usr/include/pcl-1.12  
[3.323s] -- Found PCL_POINT_CLOUD_EDITOR: /usr/include/pcl-1.12  
[3.323s] -- Found PCL_OUTOFCORE: /usr/lib/x86_64-linux-gnu/libpcl_outofcore.so  
[3.324s] -- Found PCL_PEOPLE: /usr/lib/x86_64-linux-gnu/libpcl_people.so  
[3.356s] -- Found PkgConfig: /usr/bin/pkg-config (found version "0.29.2") 
[3.357s] -- Checking for module 'apr-1'
[3.360s] --   No package 'apr-1' found
[3.532s] -- Found ament_cmake_ros: 0.10.0 (/opt/ros/humble/share/ament_cmake_ros/cmake)
[3.720s] -- Using all available rosidl_typesupport_c: rosidl_typesupport_fastrtps_c;rosidl_typesupport_introspection_c
[3.925s] -- Using all available rosidl_typesupport_cpp: rosidl_typesupport_fastrtps_cpp;rosidl_typesupport_introspection_cpp
[3.941s] -- Found PythonInterp: /usr/bin/python3 (found suitable version "3.10.12", minimum required is "3.6") 
[3.942s] -- Found python_cmake_module: 0.10.0 (/opt/ros/humble/share/python_cmake_module/cmake)
[3.973s] -- Found PythonLibs: /usr/lib/x86_64-linux-gnu/libpython3.10.so (found suitable version "3.10.12", minimum required is "3.5") 
[3.973s] -- Using PYTHON_EXECUTABLE: /usr/bin/python3
[3.973s] -- Using PYTHON_INCLUDE_DIRS: /usr/include/python3.10
[3.973s] -- Using PYTHON_LIBRARIES: /usr/lib/x86_64-linux-gnu/libpython3.10.so
[3.989s] -- Found PythonExtra: .so  
[4.029s] [31mCMake Error at CMakeLists.txt:249 (find_library):
[4.029s]   Could not find LIVOX_LIDAR_SDK_LIBRARY using the following names:
[4.029s]   liblivox_lidar_sdk_shared.so, /usr/local/lib
[4.029s] 
[4.029s] [0m
[4.029s] -- Configuring incomplete, errors occurred!
[4.029s] See also "/home/drone/comp0244_ws/comp0244-go2/src/build/livox_ros_driver2/CMakeFiles/CMakeOutput.log".
[4.043s] Invoked command in '/home/drone/comp0244_ws/comp0244-go2/src/build/livox_ros_driver2' returned '1': CMAKE_PREFIX_PATH=${CMAKE_PREFIX_PATH}:/home/drone/project_gazebo_ws/install/as2_visualization:/home/drone/project_gazebo_ws/install/as2_keyboard_teleoperation:/home/drone/project_gazebo_ws/install/as2_python_api:/opt/ros/humble /usr/bin/cmake /home/drone/comp0244_ws/comp0244-go2/src/livox_ros_driver2 -DCMAKE_INSTALL_PREFIX=/home/drone/comp0244_ws/comp0244-go2/src/install/livox_ros_driver2
