[0.036s] Invoking command in '/home/drone/comp0244_ws/comp0244-go2/src/build/champ_navigation': CMAKE_PREFIX_PATH=${CMAKE_PREFIX_PATH}:/home/drone/project_gazebo_ws/install/as2_visualization:/home/drone/project_gazebo_ws/install/as2_keyboard_teleoperation:/home/drone/project_gazebo_ws/install/as2_python_api:/opt/ros/humble /usr/bin/cmake --build /home/drone/comp0244_ws/comp0244-go2/src/build/champ_navigation -- -j22 -l22
[0.758s] Invoked command in '/home/drone/comp0244_ws/comp0244-go2/src/build/champ_navigation' returned '0': CMAKE_PREFIX_PATH=${CMAKE_PREFIX_PATH}:/home/drone/project_gazebo_ws/install/as2_visualization:/home/drone/project_gazebo_ws/install/as2_keyboard_teleoperation:/home/drone/project_gazebo_ws/install/as2_python_api:/opt/ros/humble /usr/bin/cmake --build /home/drone/comp0244_ws/comp0244-go2/src/build/champ_navigation -- -j22 -l22
[0.759s] Invoking command in '/home/drone/comp0244_ws/comp0244-go2/src/build/champ_navigation': CMAKE_PREFIX_PATH=${CMAKE_PREFIX_PATH}:/home/drone/project_gazebo_ws/install/as2_visualization:/home/drone/project_gazebo_ws/install/as2_keyboard_teleoperation:/home/drone/project_gazebo_ws/install/as2_python_api:/opt/ros/humble /usr/bin/cmake --install /home/drone/comp0244_ws/comp0244-go2/src/build/champ_navigation
[0.791s] -- Install configuration: ""
[0.791s] -- Up-to-date: /home/drone/comp0244_ws/comp0244-go2/src/install/champ_navigation/share/champ_navigation/launch
[0.791s] -- Up-to-date: /home/drone/comp0244_ws/comp0244-go2/src/install/champ_navigation/share/champ_navigation/launch/slam.launch.py
[0.791s] -- Up-to-date: /home/drone/comp0244_ws/comp0244-go2/src/install/champ_navigation/share/champ_navigation/launch/navigate.launch.py
[0.791s] -- Up-to-date: /home/drone/comp0244_ws/comp0244-go2/src/install/champ_navigation/share/champ_navigation/rviz
[0.791s] -- Up-to-date: /home/drone/comp0244_ws/comp0244-go2/src/install/champ_navigation/share/champ_navigation/rviz/navigation.rviz
[0.791s] -- Up-to-date: /home/drone/comp0244_ws/comp0244-go2/src/install/champ_navigation/share/champ_navigation/rviz/navigation_minimal.rviz
[0.791s] -- Up-to-date: /home/drone/comp0244_ws/comp0244-go2/src/install/champ_navigation/share/champ_navigation/rviz/slam.rviz
[0.791s] -- Up-to-date: /home/drone/comp0244_ws/comp0244-go2/src/install/champ_navigation/share/ament_index/resource_index/package_run_dependencies/champ_navigation
[0.791s] -- Up-to-date: /home/drone/comp0244_ws/comp0244-go2/src/install/champ_navigation/share/ament_index/resource_index/parent_prefix_path/champ_navigation
[0.791s] -- Up-to-date: /home/drone/comp0244_ws/comp0244-go2/src/install/champ_navigation/share/champ_navigation/environment/ament_prefix_path.sh
[0.791s] -- Up-to-date: /home/drone/comp0244_ws/comp0244-go2/src/install/champ_navigation/share/champ_navigation/environment/ament_prefix_path.dsv
[0.791s] -- Up-to-date: /home/drone/comp0244_ws/comp0244-go2/src/install/champ_navigation/share/champ_navigation/environment/path.sh
[0.792s] -- Up-to-date: /home/drone/comp0244_ws/comp0244-go2/src/install/champ_navigation/share/champ_navigation/environment/path.dsv
[0.792s] -- Up-to-date: /home/drone/comp0244_ws/comp0244-go2/src/install/champ_navigation/share/champ_navigation/local_setup.bash
[0.792s] -- Up-to-date: /home/drone/comp0244_ws/comp0244-go2/src/install/champ_navigation/share/champ_navigation/local_setup.sh
[0.792s] -- Up-to-date: /home/drone/comp0244_ws/comp0244-go2/src/install/champ_navigation/share/champ_navigation/local_setup.zsh
[0.792s] -- Up-to-date: /home/drone/comp0244_ws/comp0244-go2/src/install/champ_navigation/share/champ_navigation/local_setup.dsv
[0.792s] -- Installing: /home/drone/comp0244_ws/comp0244-go2/src/install/champ_navigation/share/champ_navigation/package.dsv
[0.792s] -- Up-to-date: /home/drone/comp0244_ws/comp0244-go2/src/install/champ_navigation/share/ament_index/resource_index/packages/champ_navigation
[0.792s] -- Up-to-date: /home/drone/comp0244_ws/comp0244-go2/src/install/champ_navigation/share/champ_navigation/cmake/champ_navigationConfig.cmake
[0.792s] -- Up-to-date: /home/drone/comp0244_ws/comp0244-go2/src/install/champ_navigation/share/champ_navigation/cmake/champ_navigationConfig-version.cmake
[0.792s] -- Up-to-date: /home/drone/comp0244_ws/comp0244-go2/src/install/champ_navigation/share/champ_navigation/package.xml
[0.866s] Invoked command in '/home/drone/comp0244_ws/comp0244-go2/src/build/champ_navigation' returned '0': CMAKE_PREFIX_PATH=${CMAKE_PREFIX_PATH}:/home/drone/project_gazebo_ws/install/as2_visualization:/home/drone/project_gazebo_ws/install/as2_keyboard_teleoperation:/home/drone/project_gazebo_ws/install/as2_python_api:/opt/ros/humble /usr/bin/cmake --install /home/drone/comp0244_ws/comp0244-go2/src/build/champ_navigation
