[0.010s] Invoking command in '/home/drone/comp0244_ws/comp0244-go2/src/build/champ_gazebo': AMENT_PREFIX_PATH=/home/drone/comp0244_ws/comp0244-go2/src/install/champ_msgs:/home/drone/comp0244_ws/comp0244-go2/src/install/champ:${AMENT_PREFIX_PATH} CMAKE_PREFIX_PATH=/home/drone/comp0244_ws/comp0244-go2/src/install/champ_msgs:/home/drone/comp0244_ws/comp0244-go2/src/install/champ:/home/drone/project_gazebo_ws/install/aerostack2:/home/drone/project_gazebo_ws/install/as2_usb_camera_interface:/home/drone/project_gazebo_ws/install/as2_state_estimator:/home/drone/project_gazebo_ws/install/as2_rviz_plugins:/home/drone/project_gazebo_ws/install/as2_realsense_interface:/home/drone/project_gazebo_ws/install/as2_platform_multirotor_simulator:/home/drone/project_gazebo_ws/install/as2_platform_gazebo:/home/drone/project_gazebo_ws/install/as2_motion_controller:/home/drone/project_gazebo_ws/install/as2_behaviors_trajectory_generation:/home/drone/project_gazebo_ws/install/as2_behaviors_motion:/home/drone/project_gazebo_ws/install/as2_motion_reference_handlers:/home/drone/project_gazebo_ws/install/as2_map_server:/home/drone/project_gazebo_ws/install/as2_geozones:/home/drone/project_gazebo_ws/install/as2_gazebo_assets:/home/drone/project_gazebo_ws/install/as2_external_object_to_tf:/home/drone/project_gazebo_ws/install/as2_behaviors_platform:/home/drone/project_gazebo_ws/install/as2_behaviors_perception:/home/drone/project_gazebo_ws/install/as2_behaviors_path_planning:/home/drone/project_gazebo_ws/install/as2_behavior_tree:/home/drone/project_gazebo_ws/install/as2_behavior:/home/drone/project_gazebo_ws/install/as2_alphanumeric_viewer:/home/drone/project_gazebo_ws/install/as2_core:/home/drone/project_gazebo_ws/install/as2_msgs:/home/drone/project_gazebo_ws/install/as2_cli:/home/drone/project_gazebo_ws/install/as2_visualization:/home/drone/project_gazebo_ws/install/as2_keyboard_teleoperation:/home/drone/project_gazebo_ws/install/as2_python_api:/opt/ros/humble LD_LIBRARY_PATH=/home/drone/comp0244_ws/comp0244-go2/src/install/champ_msgs/lib:${LD_LIBRARY_PATH} PYTHONPATH=/home/drone/comp0244_ws/comp0244-go2/src/install/champ_msgs/local/lib/python3.10/dist-packages:${PYTHONPATH} /usr/bin/cmake /home/drone/comp0244_ws/comp0244-go2/src/unitree-go2-ros2/champ/champ_gazebo -DCMAKE_INSTALL_PREFIX=/home/drone/comp0244_ws/comp0244-go2/src/install/champ_gazebo
[0.017s] -- Found ament_cmake: 1.3.11 (/opt/ros/humble/share/ament_cmake/cmake)
[0.146s] -- Found rclcpp: 16.0.11 (/opt/ros/humble/share/rclcpp/cmake)
[0.172s] -- Found rosidl_generator_c: 3.1.6 (/opt/ros/humble/share/rosidl_generator_c/cmake)
[0.174s] -- Found rosidl_adapter: 3.1.6 (/opt/ros/humble/share/rosidl_adapter/cmake)
[0.179s] -- Found rosidl_generator_cpp: 3.1.6 (/opt/ros/humble/share/rosidl_generator_cpp/cmake)
[0.188s] -- Using all available rosidl_typesupport_c: rosidl_typesupport_fastrtps_c;rosidl_typesupport_introspection_c
[0.200s] -- Using all available rosidl_typesupport_cpp: rosidl_typesupport_fastrtps_cpp;rosidl_typesupport_introspection_cpp
[0.224s] -- Found rmw_implementation_cmake: 6.1.2 (/opt/ros/humble/share/rmw_implementation_cmake/cmake)
[0.226s] -- Found rmw_fastrtps_cpp: 6.2.7 (/opt/ros/humble/share/rmw_fastrtps_cpp/cmake)
[0.331s] -- Using RMW implementation 'rmw_fastrtps_cpp' as default
[0.378s] -- Found urdf: 2.6.1 (/opt/ros/humble/share/urdf/cmake)
[0.395s] -- Found champ: 0.1.0 (/home/drone/comp0244_ws/comp0244-go2/src/install/champ/share/champ/cmake)
[0.396s] -- Found champ_msgs: 0.1.0 (/home/drone/comp0244_ws/comp0244-go2/src/install/champ_msgs/share/champ_msgs/cmake)
[0.435s] [31mCMake Error at CMakeLists.txt:11 (find_package):
[0.435s]   By not providing "Findgazebo_ros2_control.cmake" in CMAKE_MODULE_PATH this
[0.435s]   project has asked CMake to find a package configuration file provided by
[0.435s]   "gazebo_ros2_control", but CMake did not find one.
[0.435s] 
[0.435s]   Could not find a package configuration file provided by
[0.436s]   "gazebo_ros2_control" with any of the following names:
[0.436s] 
[0.436s]     gazebo_ros2_controlConfig.cmake
[0.436s]     gazebo_ros2_control-config.cmake
[0.436s] 
[0.436s]   Add the installation prefix of "gazebo_ros2_control" to CMAKE_PREFIX_PATH
[0.436s]   or set "gazebo_ros2_control_DIR" to a directory containing one of the above
[0.436s]   files.  If "gazebo_ros2_control" provides a separate development package or
[0.436s]   SDK, be sure it has been installed.
[0.436s] 
[0.436s] [0m
[0.436s] -- Configuring incomplete, errors occurred!
[0.436s] See also "/home/drone/comp0244_ws/comp0244-go2/src/build/champ_gazebo/CMakeFiles/CMakeOutput.log".
[0.448s] Invoked command in '/home/drone/comp0244_ws/comp0244-go2/src/build/champ_gazebo' returned '1': AMENT_PREFIX_PATH=/home/drone/comp0244_ws/comp0244-go2/src/install/champ_msgs:/home/drone/comp0244_ws/comp0244-go2/src/install/champ:${AMENT_PREFIX_PATH} CMAKE_PREFIX_PATH=/home/drone/comp0244_ws/comp0244-go2/src/install/champ_msgs:/home/drone/comp0244_ws/comp0244-go2/src/install/champ:/home/drone/project_gazebo_ws/install/aerostack2:/home/drone/project_gazebo_ws/install/as2_usb_camera_interface:/home/drone/project_gazebo_ws/install/as2_state_estimator:/home/drone/project_gazebo_ws/install/as2_rviz_plugins:/home/drone/project_gazebo_ws/install/as2_realsense_interface:/home/drone/project_gazebo_ws/install/as2_platform_multirotor_simulator:/home/drone/project_gazebo_ws/install/as2_platform_gazebo:/home/drone/project_gazebo_ws/install/as2_motion_controller:/home/drone/project_gazebo_ws/install/as2_behaviors_trajectory_generation:/home/drone/project_gazebo_ws/install/as2_behaviors_motion:/home/drone/project_gazebo_ws/install/as2_motion_reference_handlers:/home/drone/project_gazebo_ws/install/as2_map_server:/home/drone/project_gazebo_ws/install/as2_geozones:/home/drone/project_gazebo_ws/install/as2_gazebo_assets:/home/drone/project_gazebo_ws/install/as2_external_object_to_tf:/home/drone/project_gazebo_ws/install/as2_behaviors_platform:/home/drone/project_gazebo_ws/install/as2_behaviors_perception:/home/drone/project_gazebo_ws/install/as2_behaviors_path_planning:/home/drone/project_gazebo_ws/install/as2_behavior_tree:/home/drone/project_gazebo_ws/install/as2_behavior:/home/drone/project_gazebo_ws/install/as2_alphanumeric_viewer:/home/drone/project_gazebo_ws/install/as2_core:/home/drone/project_gazebo_ws/install/as2_msgs:/home/drone/project_gazebo_ws/install/as2_cli:/home/drone/project_gazebo_ws/install/as2_visualization:/home/drone/project_gazebo_ws/install/as2_keyboard_teleoperation:/home/drone/project_gazebo_ws/install/as2_python_api:/opt/ros/humble LD_LIBRARY_PATH=/home/drone/comp0244_ws/comp0244-go2/src/install/champ_msgs/lib:${LD_LIBRARY_PATH} PYTHONPATH=/home/drone/comp0244_ws/comp0244-go2/src/install/champ_msgs/local/lib/python3.10/dist-packages:${PYTHONPATH} /usr/bin/cmake /home/drone/comp0244_ws/comp0244-go2/src/unitree-go2-ros2/champ/champ_gazebo -DCMAKE_INSTALL_PREFIX=/home/drone/comp0244_ws/comp0244-go2/src/install/champ_gazebo
