[1.077s] Invoking command in '/home/drone/comp0244_ws/comp0244-go2/src/local_map_creator': PYTHONPATH=/home/drone/comp0244_ws/comp0244-go2/src/build/local_map_creator/prefix_override:/usr/lib/python3/dist-packages/colcon_core/task/python/colcon_distutils_commands:/home/drone/comp0244_ws/comp0244-go2/src/install/local_map_creator/lib/python3.10/site-packages:${PYTHONPATH} /usr/bin/python3 -W ignore:setup.py install is deprecated -W ignore:easy_install command is deprecated setup.py egg_info --egg-base ../build/local_map_creator build --build-base /home/drone/comp0244_ws/comp0244-go2/src/build/local_map_creator/build install --record /home/drone/comp0244_ws/comp0244-go2/src/build/local_map_creator/install.log --single-version-externally-managed install_data
[1.210s] running egg_info
[1.210s] creating ../build/local_map_creator/local_map_creator.egg-info
[1.211s] writing ../build/local_map_creator/local_map_creator.egg-info/PKG-INFO
[1.211s] writing dependency_links to ../build/local_map_creator/local_map_creator.egg-info/dependency_links.txt
[1.211s] writing entry points to ../build/local_map_creator/local_map_creator.egg-info/entry_points.txt
[1.211s] writing requirements to ../build/local_map_creator/local_map_creator.egg-info/requires.txt
[1.211s] writing top-level names to ../build/local_map_creator/local_map_creator.egg-info/top_level.txt
[1.211s] writing manifest file '../build/local_map_creator/local_map_creator.egg-info/SOURCES.txt'
[1.212s] reading manifest file '../build/local_map_creator/local_map_creator.egg-info/SOURCES.txt'
[1.212s] writing manifest file '../build/local_map_creator/local_map_creator.egg-info/SOURCES.txt'
[1.212s] running build
[1.212s] running build_py
[1.212s] creating /home/drone/comp0244_ws/comp0244-go2/src/build/local_map_creator/build
[1.212s] creating /home/drone/comp0244_ws/comp0244-go2/src/build/local_map_creator/build/lib
[1.213s] creating /home/drone/comp0244_ws/comp0244-go2/src/build/local_map_creator/build/lib/local_map_creator
[1.213s] copying local_map_creator/__init__.py -> /home/drone/comp0244_ws/comp0244-go2/src/build/local_map_creator/build/lib/local_map_creator
[1.213s] copying local_map_creator/local_map_node.py -> /home/drone/comp0244_ws/comp0244-go2/src/build/local_map_creator/build/lib/local_map_creator
[1.213s] running install
[1.213s] running install_lib
[1.214s] creating /home/drone/comp0244_ws/comp0244-go2/src/install/local_map_creator/lib/python3.10/site-packages/local_map_creator
[1.214s] copying /home/drone/comp0244_ws/comp0244-go2/src/build/local_map_creator/build/lib/local_map_creator/__init__.py -> /home/drone/comp0244_ws/comp0244-go2/src/install/local_map_creator/lib/python3.10/site-packages/local_map_creator
[1.214s] copying /home/drone/comp0244_ws/comp0244-go2/src/build/local_map_creator/build/lib/local_map_creator/local_map_node.py -> /home/drone/comp0244_ws/comp0244-go2/src/install/local_map_creator/lib/python3.10/site-packages/local_map_creator
[1.214s] byte-compiling /home/drone/comp0244_ws/comp0244-go2/src/install/local_map_creator/lib/python3.10/site-packages/local_map_creator/__init__.py to __init__.cpython-310.pyc
[1.215s] byte-compiling /home/drone/comp0244_ws/comp0244-go2/src/install/local_map_creator/lib/python3.10/site-packages/local_map_creator/local_map_node.py to local_map_node.cpython-310.pyc
[1.216s] running install_data
[1.216s] creating /home/drone/comp0244_ws/comp0244-go2/src/install/local_map_creator/share/ament_index
[1.216s] creating /home/drone/comp0244_ws/comp0244-go2/src/install/local_map_creator/share/ament_index/resource_index
[1.216s] creating /home/drone/comp0244_ws/comp0244-go2/src/install/local_map_creator/share/ament_index/resource_index/packages
[1.216s] copying resource/local_map_creator -> /home/drone/comp0244_ws/comp0244-go2/src/install/local_map_creator/share/ament_index/resource_index/packages
[1.216s] copying package.xml -> /home/drone/comp0244_ws/comp0244-go2/src/install/local_map_creator/share/local_map_creator
[1.216s] running install_egg_info
[1.218s] Copying ../build/local_map_creator/local_map_creator.egg-info to /home/drone/comp0244_ws/comp0244-go2/src/install/local_map_creator/lib/python3.10/site-packages/local_map_creator-0.0.1-py3.10.egg-info
[1.218s] running install_scripts
[1.232s] Installing local_map_creator script to /home/drone/comp0244_ws/comp0244-go2/src/install/local_map_creator/lib/local_map_creator
[1.232s] writing list of installed files to '/home/drone/comp0244_ws/comp0244-go2/src/build/local_map_creator/install.log'
[1.250s] Invoked command in '/home/drone/comp0244_ws/comp0244-go2/src/local_map_creator' returned '0': PYTHONPATH=/home/drone/comp0244_ws/comp0244-go2/src/build/local_map_creator/prefix_override:/usr/lib/python3/dist-packages/colcon_core/task/python/colcon_distutils_commands:/home/drone/comp0244_ws/comp0244-go2/src/install/local_map_creator/lib/python3.10/site-packages:${PYTHONPATH} /usr/bin/python3 -W ignore:setup.py install is deprecated -W ignore:easy_install command is deprecated setup.py egg_info --egg-base ../build/local_map_creator build --build-base /home/drone/comp0244_ws/comp0244-go2/src/build/local_map_creator/build install --record /home/drone/comp0244_ws/comp0244-go2/src/build/local_map_creator/install.log --single-version-externally-managed install_data
