[1.042s] Invoking command in '/home/drone/comp0244_ws/comp0244-go2/src/unitree_circular_motion': PYTHONPATH=/home/drone/comp0244_ws/comp0244-go2/src/build/unitree_circular_motion/prefix_override:/usr/lib/python3/dist-packages/colcon_core/task/python/colcon_distutils_commands:/home/drone/comp0244_ws/comp0244-go2/src/install/unitree_circular_motion/lib/python3.10/site-packages:${PYTHONPATH} /usr/bin/python3 -W ignore:setup.py install is deprecated -W ignore:easy_install command is deprecated setup.py egg_info --egg-base ../build/unitree_circular_motion build --build-base /home/drone/comp0244_ws/comp0244-go2/src/build/unitree_circular_motion/build install --record /home/drone/comp0244_ws/comp0244-go2/src/build/unitree_circular_motion/install.log --single-version-externally-managed install_data
[1.188s] running egg_info
[1.190s] writing ../build/unitree_circular_motion/unitree_circular_motion.egg-info/PKG-INFO
[1.190s] writing dependency_links to ../build/unitree_circular_motion/unitree_circular_motion.egg-info/dependency_links.txt
[1.190s] writing entry points to ../build/unitree_circular_motion/unitree_circular_motion.egg-info/entry_points.txt
[1.191s] writing requirements to ../build/unitree_circular_motion/unitree_circular_motion.egg-info/requires.txt
[1.191s] writing top-level names to ../build/unitree_circular_motion/unitree_circular_motion.egg-info/top_level.txt
[1.193s] reading manifest file '../build/unitree_circular_motion/unitree_circular_motion.egg-info/SOURCES.txt'
[1.193s] writing manifest file '../build/unitree_circular_motion/unitree_circular_motion.egg-info/SOURCES.txt'
[1.193s] running build
[1.193s] running build_py
[1.193s] running install
[1.193s] running install_lib
[1.194s] running install_data
[1.195s] running install_egg_info
[1.196s] removing '/home/drone/comp0244_ws/comp0244-go2/src/install/unitree_circular_motion/lib/python3.10/site-packages/unitree_circular_motion-0.0.0-py3.10.egg-info' (and everything under it)
[1.197s] Copying ../build/unitree_circular_motion/unitree_circular_motion.egg-info to /home/drone/comp0244_ws/comp0244-go2/src/install/unitree_circular_motion/lib/python3.10/site-packages/unitree_circular_motion-0.0.0-py3.10.egg-info
[1.197s] running install_scripts
[1.220s] writing list of installed files to '/home/drone/comp0244_ws/comp0244-go2/src/build/unitree_circular_motion/install.log'
[1.260s] Invoked command in '/home/drone/comp0244_ws/comp0244-go2/src/unitree_circular_motion' returned '0': PYTHONPATH=/home/drone/comp0244_ws/comp0244-go2/src/build/unitree_circular_motion/prefix_override:/usr/lib/python3/dist-packages/colcon_core/task/python/colcon_distutils_commands:/home/drone/comp0244_ws/comp0244-go2/src/install/unitree_circular_motion/lib/python3.10/site-packages:${PYTHONPATH} /usr/bin/python3 -W ignore:setup.py install is deprecated -W ignore:easy_install command is deprecated setup.py egg_info --egg-base ../build/unitree_circular_motion build --build-base /home/drone/comp0244_ws/comp0244-go2/src/build/unitree_circular_motion/build install --record /home/drone/comp0244_ws/comp0244-go2/src/build/unitree_circular_motion/install.log --single-version-externally-managed install_data
