[1.027s] Invoking command in '/home/drone/comp0244_ws/comp0244-go2/src/edge_follower': PYTHONPATH=/home/drone/comp0244_ws/comp0244-go2/src/build/edge_follower/prefix_override:/usr/lib/python3/dist-packages/colcon_core/task/python/colcon_distutils_commands:/home/drone/comp0244_ws/comp0244-go2/src/install/edge_follower/lib/python3.10/site-packages:${PYTHONPATH} /usr/bin/python3 -W ignore:setup.py install is deprecated -W ignore:easy_install command is deprecated setup.py egg_info --egg-base ../build/edge_follower build --build-base /home/drone/comp0244_ws/comp0244-go2/src/build/edge_follower/build install --record /home/drone/comp0244_ws/comp0244-go2/src/build/edge_follower/install.log --single-version-externally-managed install_data
[1.189s] running egg_info
[1.190s] writing ../build/edge_follower/edge_follower.egg-info/PKG-INFO
[1.190s] writing dependency_links to ../build/edge_follower/edge_follower.egg-info/dependency_links.txt
[1.190s] writing entry points to ../build/edge_follower/edge_follower.egg-info/entry_points.txt
[1.192s] writing requirements to ../build/edge_follower/edge_follower.egg-info/requires.txt
[1.192s] writing top-level names to ../build/edge_follower/edge_follower.egg-info/top_level.txt
[1.192s] reading manifest file '../build/edge_follower/edge_follower.egg-info/SOURCES.txt'
[1.193s] writing manifest file '../build/edge_follower/edge_follower.egg-info/SOURCES.txt'
[1.194s] running build
[1.194s] running build_py
[1.194s] running install
[1.194s] running install_lib
[1.195s] running install_data
[1.197s] running install_egg_info
[1.198s] removing '/home/drone/comp0244_ws/comp0244-go2/src/install/edge_follower/lib/python3.10/site-packages/edge_follower-0.0.1-py3.10.egg-info' (and everything under it)
[1.198s] Copying ../build/edge_follower/edge_follower.egg-info to /home/drone/comp0244_ws/comp0244-go2/src/install/edge_follower/lib/python3.10/site-packages/edge_follower-0.0.1-py3.10.egg-info
[1.199s] running install_scripts
[1.218s] Installing edge_follower script to /home/drone/comp0244_ws/comp0244-go2/src/install/edge_follower/lib/edge_follower
[1.221s] writing list of installed files to '/home/drone/comp0244_ws/comp0244-go2/src/build/edge_follower/install.log'
[1.257s] Invoked command in '/home/drone/comp0244_ws/comp0244-go2/src/edge_follower' returned '0': PYTHONPATH=/home/drone/comp0244_ws/comp0244-go2/src/build/edge_follower/prefix_override:/usr/lib/python3/dist-packages/colcon_core/task/python/colcon_distutils_commands:/home/drone/comp0244_ws/comp0244-go2/src/install/edge_follower/lib/python3.10/site-packages:${PYTHONPATH} /usr/bin/python3 -W ignore:setup.py install is deprecated -W ignore:easy_install command is deprecated setup.py egg_info --egg-base ../build/edge_follower build --build-base /home/drone/comp0244_ws/comp0244-go2/src/build/edge_follower/build install --record /home/drone/comp0244_ws/comp0244-go2/src/build/edge_follower/install.log --single-version-externally-managed install_data
