[1.062s] Invoking command in '/home/drone/comp0244_ws/comp0244-go2/src/waypoint_follower': PYTHONPATH=/home/drone/comp0244_ws/comp0244-go2/src/build/waypoint_follower/prefix_override:/usr/lib/python3/dist-packages/colcon_core/task/python/colcon_distutils_commands:/home/drone/comp0244_ws/comp0244-go2/src/install/waypoint_follower/lib/python3.10/site-packages:${PYTHONPATH} /usr/bin/python3 -W ignore:setup.py install is deprecated -W ignore:easy_install command is deprecated setup.py egg_info --egg-base ../build/waypoint_follower build --build-base /home/drone/comp0244_ws/comp0244-go2/src/build/waypoint_follower/build install --record /home/drone/comp0244_ws/comp0244-go2/src/build/waypoint_follower/install.log --single-version-externally-managed install_data
[1.223s] running egg_info
[1.224s] creating ../build/waypoint_follower/waypoint_follower.egg-info
[1.224s] writing ../build/waypoint_follower/waypoint_follower.egg-info/PKG-INFO
[1.224s] writing dependency_links to ../build/waypoint_follower/waypoint_follower.egg-info/dependency_links.txt
[1.224s] writing entry points to ../build/waypoint_follower/waypoint_follower.egg-info/entry_points.txt
[1.224s] writing requirements to ../build/waypoint_follower/waypoint_follower.egg-info/requires.txt
[1.224s] writing top-level names to ../build/waypoint_follower/waypoint_follower.egg-info/top_level.txt
[1.224s] writing manifest file '../build/waypoint_follower/waypoint_follower.egg-info/SOURCES.txt'
[1.225s] reading manifest file '../build/waypoint_follower/waypoint_follower.egg-info/SOURCES.txt'
[1.225s] writing manifest file '../build/waypoint_follower/waypoint_follower.egg-info/SOURCES.txt'
[1.225s] running build
[1.225s] running build_py
[1.225s] creating /home/drone/comp0244_ws/comp0244-go2/src/build/waypoint_follower/build
[1.225s] creating /home/drone/comp0244_ws/comp0244-go2/src/build/waypoint_follower/build/lib
[1.225s] creating /home/drone/comp0244_ws/comp0244-go2/src/build/waypoint_follower/build/lib/waypoint_follower
[1.225s] copying waypoint_follower/__init__.py -> /home/drone/comp0244_ws/comp0244-go2/src/build/waypoint_follower/build/lib/waypoint_follower
[1.226s] copying waypoint_follower/waypoint_follower.py -> /home/drone/comp0244_ws/comp0244-go2/src/build/waypoint_follower/build/lib/waypoint_follower
[1.226s] running install
[1.226s] running install_lib
[1.226s] creating /home/drone/comp0244_ws/comp0244-go2/src/install/waypoint_follower/lib/python3.10/site-packages/waypoint_follower
[1.226s] copying /home/drone/comp0244_ws/comp0244-go2/src/build/waypoint_follower/build/lib/waypoint_follower/__init__.py -> /home/drone/comp0244_ws/comp0244-go2/src/install/waypoint_follower/lib/python3.10/site-packages/waypoint_follower
[1.226s] copying /home/drone/comp0244_ws/comp0244-go2/src/build/waypoint_follower/build/lib/waypoint_follower/waypoint_follower.py -> /home/drone/comp0244_ws/comp0244-go2/src/install/waypoint_follower/lib/python3.10/site-packages/waypoint_follower
[1.227s] byte-compiling /home/drone/comp0244_ws/comp0244-go2/src/install/waypoint_follower/lib/python3.10/site-packages/waypoint_follower/__init__.py to __init__.cpython-310.pyc
[1.227s] byte-compiling /home/drone/comp0244_ws/comp0244-go2/src/install/waypoint_follower/lib/python3.10/site-packages/waypoint_follower/waypoint_follower.py to waypoint_follower.cpython-310.pyc
[1.228s] running install_data
[1.228s] creating /home/drone/comp0244_ws/comp0244-go2/src/install/waypoint_follower/share/ament_index
[1.228s] creating /home/drone/comp0244_ws/comp0244-go2/src/install/waypoint_follower/share/ament_index/resource_index
[1.228s] creating /home/drone/comp0244_ws/comp0244-go2/src/install/waypoint_follower/share/ament_index/resource_index/packages
[1.228s] copying resource/waypoint_follower -> /home/drone/comp0244_ws/comp0244-go2/src/install/waypoint_follower/share/ament_index/resource_index/packages
[1.228s] copying package.xml -> /home/drone/comp0244_ws/comp0244-go2/src/install/waypoint_follower/share/waypoint_follower
[1.228s] running install_egg_info
[1.229s] Copying ../build/waypoint_follower/waypoint_follower.egg-info to /home/drone/comp0244_ws/comp0244-go2/src/install/waypoint_follower/lib/python3.10/site-packages/waypoint_follower-0.0.0-py3.10.egg-info
[1.229s] running install_scripts
[1.243s] Installing waypoint_follower script to /home/drone/comp0244_ws/comp0244-go2/src/install/waypoint_follower/lib/waypoint_follower
[1.243s] writing list of installed files to '/home/drone/comp0244_ws/comp0244-go2/src/build/waypoint_follower/install.log'
[1.258s] Invoked command in '/home/drone/comp0244_ws/comp0244-go2/src/waypoint_follower' returned '0': PYTHONPATH=/home/drone/comp0244_ws/comp0244-go2/src/build/waypoint_follower/prefix_override:/usr/lib/python3/dist-packages/colcon_core/task/python/colcon_distutils_commands:/home/drone/comp0244_ws/comp0244-go2/src/install/waypoint_follower/lib/python3.10/site-packages:${PYTHONPATH} /usr/bin/python3 -W ignore:setup.py install is deprecated -W ignore:easy_install command is deprecated setup.py egg_info --egg-base ../build/waypoint_follower build --build-base /home/drone/comp0244_ws/comp0244-go2/src/build/waypoint_follower/build install --record /home/drone/comp0244_ws/comp0244-go2/src/build/waypoint_follower/install.log --single-version-externally-managed install_data
