[0.232s] Invoking command in '/home/drone/comp0244_ws/comp0244-go2/src/build/go2_config': CMAKE_PREFIX_PATH=${CMAKE_PREFIX_PATH}:/home/drone/project_gazebo_ws/install/as2_visualization:/home/drone/project_gazebo_ws/install/as2_keyboard_teleoperation:/home/drone/project_gazebo_ws/install/as2_python_api:/opt/ros/humble /usr/bin/cmake --build /home/drone/comp0244_ws/comp0244-go2/src/build/go2_config -- -j22 -l22
[0.693s] Invoked command in '/home/drone/comp0244_ws/comp0244-go2/src/build/go2_config' returned '0': CMAKE_PREFIX_PATH=${CMAKE_PREFIX_PATH}:/home/drone/project_gazebo_ws/install/as2_visualization:/home/drone/project_gazebo_ws/install/as2_keyboard_teleoperation:/home/drone/project_gazebo_ws/install/as2_python_api:/opt/ros/humble /usr/bin/cmake --build /home/drone/comp0244_ws/comp0244-go2/src/build/go2_config -- -j22 -l22
[0.693s] Invoking command in '/home/drone/comp0244_ws/comp0244-go2/src/build/go2_config': CMAKE_PREFIX_PATH=${CMAKE_PREFIX_PATH}:/home/drone/project_gazebo_ws/install/as2_visualization:/home/drone/project_gazebo_ws/install/as2_keyboard_teleoperation:/home/drone/project_gazebo_ws/install/as2_python_api:/opt/ros/humble /usr/bin/cmake --install /home/drone/comp0244_ws/comp0244-go2/src/build/go2_config
[0.710s] -- Install configuration: ""
[0.710s] -- Up-to-date: /home/drone/comp0244_ws/comp0244-go2/src/install/go2_config/share/go2_config/launch
[0.710s] -- Up-to-date: /home/drone/comp0244_ws/comp0244-go2/src/install/go2_config/share/go2_config/launch/gazebo_velodyne.launch.py
[0.710s] -- Up-to-date: /home/drone/comp0244_ws/comp0244-go2/src/install/go2_config/share/go2_config/launch/gazebo.launch.py
[0.710s] -- Up-to-date: /home/drone/comp0244_ws/comp0244-go2/src/install/go2_config/share/go2_config/launch/slam.launch.py
[0.710s] -- Up-to-date: /home/drone/comp0244_ws/comp0244-go2/src/install/go2_config/share/go2_config/launch/bringup.launch.py
[0.710s] -- Up-to-date: /home/drone/comp0244_ws/comp0244-go2/src/install/go2_config/share/go2_config/launch/gazebo_mid360.launch.py
[0.710s] -- Up-to-date: /home/drone/comp0244_ws/comp0244-go2/src/install/go2_config/share/go2_config/launch/navigate.launch.py
[0.711s] -- Up-to-date: /home/drone/comp0244_ws/comp0244-go2/src/install/go2_config/share/go2_config/config
[0.711s] -- Up-to-date: /home/drone/comp0244_ws/comp0244-go2/src/install/go2_config/share/go2_config/config/links
[0.711s] -- Up-to-date: /home/drone/comp0244_ws/comp0244-go2/src/install/go2_config/share/go2_config/config/links/links.yaml
[0.711s] -- Up-to-date: /home/drone/comp0244_ws/comp0244-go2/src/install/go2_config/share/go2_config/config/autonomy
[0.711s] -- Up-to-date: /home/drone/comp0244_ws/comp0244-go2/src/install/go2_config/share/go2_config/config/autonomy/navigation.yaml
[0.711s] -- Up-to-date: /home/drone/comp0244_ws/comp0244-go2/src/install/go2_config/share/go2_config/config/autonomy/slam.yaml
[0.711s] -- Up-to-date: /home/drone/comp0244_ws/comp0244-go2/src/install/go2_config/share/go2_config/config/joints
[0.711s] -- Up-to-date: /home/drone/comp0244_ws/comp0244-go2/src/install/go2_config/share/go2_config/config/joints/joints.yaml
[0.711s] -- Up-to-date: /home/drone/comp0244_ws/comp0244-go2/src/install/go2_config/share/go2_config/config/gait
[0.711s] -- Up-to-date: /home/drone/comp0244_ws/comp0244-go2/src/install/go2_config/share/go2_config/config/gait/gait.yaml
[0.711s] -- Up-to-date: /home/drone/comp0244_ws/comp0244-go2/src/install/go2_config/share/go2_config/config/ros_control
[0.711s] -- Up-to-date: /home/drone/comp0244_ws/comp0244-go2/src/install/go2_config/share/go2_config/config/ros_control/ros_control.yaml
[0.711s] -- Up-to-date: /home/drone/comp0244_ws/comp0244-go2/src/install/go2_config/share/go2_config/maps
[0.711s] -- Up-to-date: /home/drone/comp0244_ws/comp0244-go2/src/install/go2_config/share/go2_config/maps/map.yaml
[0.711s] -- Up-to-date: /home/drone/comp0244_ws/comp0244-go2/src/install/go2_config/share/go2_config/maps/playground.pgm
[0.711s] -- Up-to-date: /home/drone/comp0244_ws/comp0244-go2/src/install/go2_config/share/go2_config/maps/playground.yaml
[0.711s] -- Up-to-date: /home/drone/comp0244_ws/comp0244-go2/src/install/go2_config/share/go2_config/maps/map.pgm
[0.712s] -- Up-to-date: /home/drone/comp0244_ws/comp0244-go2/src/install/go2_config/share/go2_config/worlds
[0.712s] -- Up-to-date: /home/drone/comp0244_ws/comp0244-go2/src/install/go2_config/share/go2_config/worlds/default.world
[0.712s] -- Up-to-date: /home/drone/comp0244_ws/comp0244-go2/src/install/go2_config/share/go2_config/worlds/outdoor.world
[0.712s] -- Up-to-date: /home/drone/comp0244_ws/comp0244-go2/src/install/go2_config/share/go2_config/worlds/IscasMuseumAppended.world
[0.712s] -- Up-to-date: /home/drone/comp0244_ws/comp0244-go2/src/install/go2_config/share/go2_config/worlds/simple_environment.world
[0.712s] -- Up-to-date: /home/drone/comp0244_ws/comp0244-go2/src/install/go2_config/share/go2_config/worlds/playground.world
[0.712s] -- Up-to-date: /home/drone/comp0244_ws/comp0244-go2/src/install/go2_config/share/ament_index/resource_index/package_run_dependencies/go2_config
[0.712s] -- Up-to-date: /home/drone/comp0244_ws/comp0244-go2/src/install/go2_config/share/ament_index/resource_index/parent_prefix_path/go2_config
[0.712s] -- Up-to-date: /home/drone/comp0244_ws/comp0244-go2/src/install/go2_config/share/go2_config/environment/ament_prefix_path.sh
[0.712s] -- Up-to-date: /home/drone/comp0244_ws/comp0244-go2/src/install/go2_config/share/go2_config/environment/ament_prefix_path.dsv
[0.713s] -- Up-to-date: /home/drone/comp0244_ws/comp0244-go2/src/install/go2_config/share/go2_config/environment/path.sh
[0.713s] -- Up-to-date: /home/drone/comp0244_ws/comp0244-go2/src/install/go2_config/share/go2_config/environment/path.dsv
[0.713s] -- Up-to-date: /home/drone/comp0244_ws/comp0244-go2/src/install/go2_config/share/go2_config/local_setup.bash
[0.714s] -- Up-to-date: /home/drone/comp0244_ws/comp0244-go2/src/install/go2_config/share/go2_config/local_setup.sh
[0.714s] -- Up-to-date: /home/drone/comp0244_ws/comp0244-go2/src/install/go2_config/share/go2_config/local_setup.zsh
[0.714s] -- Up-to-date: /home/drone/comp0244_ws/comp0244-go2/src/install/go2_config/share/go2_config/local_setup.dsv
[0.714s] -- Up-to-date: /home/drone/comp0244_ws/comp0244-go2/src/install/go2_config/share/go2_config/package.dsv
[0.714s] -- Up-to-date: /home/drone/comp0244_ws/comp0244-go2/src/install/go2_config/share/ament_index/resource_index/packages/go2_config
[0.714s] -- Up-to-date: /home/drone/comp0244_ws/comp0244-go2/src/install/go2_config/share/go2_config/cmake/go2_configConfig.cmake
[0.714s] -- Up-to-date: /home/drone/comp0244_ws/comp0244-go2/src/install/go2_config/share/go2_config/cmake/go2_configConfig-version.cmake
[0.714s] -- Up-to-date: /home/drone/comp0244_ws/comp0244-go2/src/install/go2_config/share/go2_config/package.xml
[0.776s] Invoked command in '/home/drone/comp0244_ws/comp0244-go2/src/build/go2_config' returned '0': CMAKE_PREFIX_PATH=${CMAKE_PREFIX_PATH}:/home/drone/project_gazebo_ws/install/as2_visualization:/home/drone/project_gazebo_ws/install/as2_keyboard_teleoperation:/home/drone/project_gazebo_ws/install/as2_python_api:/opt/ros/humble /usr/bin/cmake --install /home/drone/comp0244_ws/comp0244-go2/src/build/go2_config
