running egg_info
creating ../build/unitree_circular_motion/unitree_circular_motion.egg-info
writing ../build/unitree_circular_motion/unitree_circular_motion.egg-info/PKG-INFO
writing dependency_links to ../build/unitree_circular_motion/unitree_circular_motion.egg-info/dependency_links.txt
writing entry points to ../build/unitree_circular_motion/unitree_circular_motion.egg-info/entry_points.txt
writing requirements to ../build/unitree_circular_motion/unitree_circular_motion.egg-info/requires.txt
writing top-level names to ../build/unitree_circular_motion/unitree_circular_motion.egg-info/top_level.txt
writing manifest file '../build/unitree_circular_motion/unitree_circular_motion.egg-info/SOURCES.txt'
reading manifest file '../build/unitree_circular_motion/unitree_circular_motion.egg-info/SOURCES.txt'
writing manifest file '../build/unitree_circular_motion/unitree_circular_motion.egg-info/SOURCES.txt'
running build
running build_py
creating /home/drone/comp0244_ws/comp0244-go2/src/build/unitree_circular_motion/build
creating /home/drone/comp0244_ws/comp0244-go2/src/build/unitree_circular_motion/build/lib
creating /home/drone/comp0244_ws/comp0244-go2/src/build/unitree_circular_motion/build/lib/unitree_circular_motion
copying unitree_circular_motion/__init__.py -> /home/drone/comp0244_ws/comp0244-go2/src/build/unitree_circular_motion/build/lib/unitree_circular_motion
running install
running install_lib
creating /home/drone/comp0244_ws/comp0244-go2/src/install/unitree_circular_motion/lib/python3.10/site-packages/unitree_circular_motion
copying /home/drone/comp0244_ws/comp0244-go2/src/build/unitree_circular_motion/build/lib/unitree_circular_motion/__init__.py -> /home/drone/comp0244_ws/comp0244-go2/src/install/unitree_circular_motion/lib/python3.10/site-packages/unitree_circular_motion
byte-compiling /home/drone/comp0244_ws/comp0244-go2/src/install/unitree_circular_motion/lib/python3.10/site-packages/unitree_circular_motion/__init__.py to __init__.cpython-310.pyc
running install_data
creating /home/drone/comp0244_ws/comp0244-go2/src/install/unitree_circular_motion/share/ament_index
creating /home/drone/comp0244_ws/comp0244-go2/src/install/unitree_circular_motion/share/ament_index/resource_index
creating /home/drone/comp0244_ws/comp0244-go2/src/install/unitree_circular_motion/share/ament_index/resource_index/packages
copying resource/unitree_circular_motion -> /home/drone/comp0244_ws/comp0244-go2/src/install/unitree_circular_motion/share/ament_index/resource_index/packages
copying package.xml -> /home/drone/comp0244_ws/comp0244-go2/src/install/unitree_circular_motion/share/unitree_circular_motion
running install_egg_info
Copying ../build/unitree_circular_motion/unitree_circular_motion.egg-info to /home/drone/comp0244_ws/comp0244-go2/src/install/unitree_circular_motion/lib/python3.10/site-packages/unitree_circular_motion-0.0.0-py3.10.egg-info
running install_scripts
writing list of installed files to '/home/drone/comp0244_ws/comp0244-go2/src/build/unitree_circular_motion/install.log'
