[1.074s] Invoking command in '/home/drone/comp0244_ws/comp0244-go2/src/unitree_circular_motion': PYTHONPATH=/home/drone/comp0244_ws/comp0244-go2/src/build/unitree_circular_motion/prefix_override:/usr/lib/python3/dist-packages/colcon_core/task/python/colcon_distutils_commands:/home/drone/comp0244_ws/comp0244-go2/src/install/unitree_circular_motion/lib/python3.10/site-packages:${PYTHONPATH} /usr/bin/python3 -W ignore:setup.py install is deprecated -W ignore:easy_install command is deprecated setup.py egg_info --egg-base ../build/unitree_circular_motion build --build-base /home/drone/comp0244_ws/comp0244-go2/src/build/unitree_circular_motion/build install --record /home/drone/comp0244_ws/comp0244-go2/src/build/unitree_circular_motion/install.log --single-version-externally-managed install_data
[1.248s] running egg_info
[1.248s] creating ../build/unitree_circular_motion/unitree_circular_motion.egg-info
[1.249s] writing ../build/unitree_circular_motion/unitree_circular_motion.egg-info/PKG-INFO
[1.249s] writing dependency_links to ../build/unitree_circular_motion/unitree_circular_motion.egg-info/dependency_links.txt
[1.249s] writing entry points to ../build/unitree_circular_motion/unitree_circular_motion.egg-info/entry_points.txt
[1.249s] writing requirements to ../build/unitree_circular_motion/unitree_circular_motion.egg-info/requires.txt
[1.249s] writing top-level names to ../build/unitree_circular_motion/unitree_circular_motion.egg-info/top_level.txt
[1.249s] writing manifest file '../build/unitree_circular_motion/unitree_circular_motion.egg-info/SOURCES.txt'
[1.252s] reading manifest file '../build/unitree_circular_motion/unitree_circular_motion.egg-info/SOURCES.txt'
[1.252s] writing manifest file '../build/unitree_circular_motion/unitree_circular_motion.egg-info/SOURCES.txt'
[1.252s] running build
[1.252s] running build_py
[1.252s] creating /home/drone/comp0244_ws/comp0244-go2/src/build/unitree_circular_motion/build
[1.252s] creating /home/drone/comp0244_ws/comp0244-go2/src/build/unitree_circular_motion/build/lib
[1.252s] creating /home/drone/comp0244_ws/comp0244-go2/src/build/unitree_circular_motion/build/lib/unitree_circular_motion
[1.252s] copying unitree_circular_motion/__init__.py -> /home/drone/comp0244_ws/comp0244-go2/src/build/unitree_circular_motion/build/lib/unitree_circular_motion
[1.252s] running install
[1.252s] running install_lib
[1.252s] creating /home/drone/comp0244_ws/comp0244-go2/src/install/unitree_circular_motion/lib/python3.10/site-packages/unitree_circular_motion
[1.252s] copying /home/drone/comp0244_ws/comp0244-go2/src/build/unitree_circular_motion/build/lib/unitree_circular_motion/__init__.py -> /home/drone/comp0244_ws/comp0244-go2/src/install/unitree_circular_motion/lib/python3.10/site-packages/unitree_circular_motion
[1.252s] byte-compiling /home/drone/comp0244_ws/comp0244-go2/src/install/unitree_circular_motion/lib/python3.10/site-packages/unitree_circular_motion/__init__.py to __init__.cpython-310.pyc
[1.252s] running install_data
[1.252s] creating /home/drone/comp0244_ws/comp0244-go2/src/install/unitree_circular_motion/share/ament_index
[1.252s] creating /home/drone/comp0244_ws/comp0244-go2/src/install/unitree_circular_motion/share/ament_index/resource_index
[1.252s] creating /home/drone/comp0244_ws/comp0244-go2/src/install/unitree_circular_motion/share/ament_index/resource_index/packages
[1.252s] copying resource/unitree_circular_motion -> /home/drone/comp0244_ws/comp0244-go2/src/install/unitree_circular_motion/share/ament_index/resource_index/packages
[1.252s] copying package.xml -> /home/drone/comp0244_ws/comp0244-go2/src/install/unitree_circular_motion/share/unitree_circular_motion
[1.252s] running install_egg_info
[1.253s] Copying ../build/unitree_circular_motion/unitree_circular_motion.egg-info to /home/drone/comp0244_ws/comp0244-go2/src/install/unitree_circular_motion/lib/python3.10/site-packages/unitree_circular_motion-0.0.0-py3.10.egg-info
[1.253s] running install_scripts
[1.267s] writing list of installed files to '/home/drone/comp0244_ws/comp0244-go2/src/build/unitree_circular_motion/install.log'
[1.282s] Invoked command in '/home/drone/comp0244_ws/comp0244-go2/src/unitree_circular_motion' returned '0': PYTHONPATH=/home/drone/comp0244_ws/comp0244-go2/src/build/unitree_circular_motion/prefix_override:/usr/lib/python3/dist-packages/colcon_core/task/python/colcon_distutils_commands:/home/drone/comp0244_ws/comp0244-go2/src/install/unitree_circular_motion/lib/python3.10/site-packages:${PYTHONPATH} /usr/bin/python3 -W ignore:setup.py install is deprecated -W ignore:easy_install command is deprecated setup.py egg_info --egg-base ../build/unitree_circular_motion build --build-base /home/drone/comp0244_ws/comp0244-go2/src/build/unitree_circular_motion/build install --record /home/drone/comp0244_ws/comp0244-go2/src/build/unitree_circular_motion/install.log --single-version-externally-managed install_data
