[0.008s] Invoking command in '/home/drone/comp0244_ws/comp0244-go2/src/build/champ_base': AMENT_PREFIX_PATH=/home/drone/comp0244_ws/comp0244-go2/src/install/champ_msgs:/home/drone/comp0244_ws/comp0244-go2/src/install/champ:${AMENT_PREFIX_PATH} CMAKE_PREFIX_PATH=/home/drone/comp0244_ws/comp0244-go2/src/install/champ_msgs:/home/drone/comp0244_ws/comp0244-go2/src/install/champ:/home/drone/project_gazebo_ws/install/aerostack2:/home/drone/project_gazebo_ws/install/as2_usb_camera_interface:/home/drone/project_gazebo_ws/install/as2_state_estimator:/home/drone/project_gazebo_ws/install/as2_rviz_plugins:/home/drone/project_gazebo_ws/install/as2_realsense_interface:/home/drone/project_gazebo_ws/install/as2_platform_multirotor_simulator:/home/drone/project_gazebo_ws/install/as2_platform_gazebo:/home/drone/project_gazebo_ws/install/as2_motion_controller:/home/drone/project_gazebo_ws/install/as2_behaviors_trajectory_generation:/home/drone/project_gazebo_ws/install/as2_behaviors_motion:/home/drone/project_gazebo_ws/install/as2_motion_reference_handlers:/home/drone/project_gazebo_ws/install/as2_map_server:/home/drone/project_gazebo_ws/install/as2_geozones:/home/drone/project_gazebo_ws/install/as2_gazebo_assets:/home/drone/project_gazebo_ws/install/as2_external_object_to_tf:/home/drone/project_gazebo_ws/install/as2_behaviors_platform:/home/drone/project_gazebo_ws/install/as2_behaviors_perception:/home/drone/project_gazebo_ws/install/as2_behaviors_path_planning:/home/drone/project_gazebo_ws/install/as2_behavior_tree:/home/drone/project_gazebo_ws/install/as2_behavior:/home/drone/project_gazebo_ws/install/as2_alphanumeric_viewer:/home/drone/project_gazebo_ws/install/as2_core:/home/drone/project_gazebo_ws/install/as2_msgs:/home/drone/project_gazebo_ws/install/as2_cli:/home/drone/project_gazebo_ws/install/as2_visualization:/home/drone/project_gazebo_ws/install/as2_keyboard_teleoperation:/home/drone/project_gazebo_ws/install/as2_python_api:/opt/ros/humble LD_LIBRARY_PATH=/home/drone/comp0244_ws/comp0244-go2/src/install/champ_msgs/lib:${LD_LIBRARY_PATH} PYTHONPATH=/home/drone/comp0244_ws/comp0244-go2/src/install/champ_msgs/local/lib/python3.10/dist-packages:${PYTHONPATH} /usr/bin/cmake /home/drone/comp0244_ws/comp0244-go2/src/unitree-go2-ros2/champ/champ_base -DCMAKE_INSTALL_PREFIX=/home/drone/comp0244_ws/comp0244-go2/src/install/champ_base
[0.045s] -- The C compiler identification is GNU 11.4.0
[0.089s] -- The CXX compiler identification is GNU 11.4.0
[0.094s] -- Detecting C compiler ABI info
[0.142s] -- Detecting C compiler ABI info - done
[0.146s] -- Check for working C compiler: /usr/bin/cc - skipped
[0.146s] -- Detecting C compile features
[0.146s] -- Detecting C compile features - done
[0.148s] -- Detecting CXX compiler ABI info
[0.218s] -- Detecting CXX compiler ABI info - done
[0.224s] -- Check for working CXX compiler: /usr/bin/c++ - skipped
[0.224s] -- Detecting CXX compile features
[0.225s] -- Detecting CXX compile features - done
[0.227s] -- Found ament_cmake: 1.3.11 (/opt/ros/humble/share/ament_cmake/cmake)
[0.356s] -- Found Python3: /usr/bin/python3 (found version "3.10.12") found components: Interpreter 
[0.419s] -- Found rclcpp: 16.0.11 (/opt/ros/humble/share/rclcpp/cmake)
[0.450s] -- Found rosidl_generator_c: 3.1.6 (/opt/ros/humble/share/rosidl_generator_c/cmake)
[0.454s] -- Found rosidl_adapter: 3.1.6 (/opt/ros/humble/share/rosidl_adapter/cmake)
[0.460s] -- Found rosidl_generator_cpp: 3.1.6 (/opt/ros/humble/share/rosidl_generator_cpp/cmake)
[0.468s] -- Using all available rosidl_typesupport_c: rosidl_typesupport_fastrtps_c;rosidl_typesupport_introspection_c
[0.480s] -- Using all available rosidl_typesupport_cpp: rosidl_typesupport_fastrtps_cpp;rosidl_typesupport_introspection_cpp
[0.512s] -- Found rmw_implementation_cmake: 6.1.2 (/opt/ros/humble/share/rmw_implementation_cmake/cmake)
[0.514s] -- Found rmw_fastrtps_cpp: 6.2.7 (/opt/ros/humble/share/rmw_fastrtps_cpp/cmake)
[0.582s] -- Found OpenSSL: /usr/lib/x86_64-linux-gnu/libcrypto.so (found version "3.0.2")  
[0.600s] -- Found FastRTPS: /opt/ros/humble/include  
[0.628s] -- Using RMW implementation 'rmw_fastrtps_cpp' as default
[0.635s] -- Looking for pthread.h
[0.688s] -- Looking for pthread.h - found
[0.688s] -- Performing Test CMAKE_HAVE_LIBC_PTHREAD
[0.737s] -- Performing Test CMAKE_HAVE_LIBC_PTHREAD - Success
[0.738s] -- Found Threads: TRUE  
[0.771s] -- Found rclpy: 3.3.15 (/opt/ros/humble/share/rclpy/cmake)
[0.772s] -- Found champ_msgs: 0.1.0 (/home/drone/comp0244_ws/comp0244-go2/src/install/champ_msgs/share/champ_msgs/cmake)
[0.790s] -- Found visualization_msgs: 4.2.4 (/opt/ros/humble/share/visualization_msgs/cmake)
[0.824s] -- Found trajectory_msgs: 4.2.4 (/opt/ros/humble/share/trajectory_msgs/cmake)
[0.841s] -- Found nav_msgs: 4.2.4 (/opt/ros/humble/share/nav_msgs/cmake)
[0.858s] -- Found tf2_ros: 0.25.11 (/opt/ros/humble/share/tf2_ros/cmake)
[0.948s] -- Found urdf: 2.6.1 (/opt/ros/humble/share/urdf/cmake)
[0.966s] -- Found champ: 0.1.0 (/home/drone/comp0244_ws/comp0244-go2/src/install/champ/share/champ/cmake)
[1.039s] -- Configuring done
[1.069s] -- Generating done
[1.080s] -- Build files have been written to: /home/drone/comp0244_ws/comp0244-go2/src/build/champ_base
