[0.053s] Invoking command in '/home/drone/comp0244_ws/comp0244-go2/src/build/champ_description': CMAKE_PREFIX_PATH=${CMAKE_PREFIX_PATH}:/home/drone/project_gazebo_ws/install/as2_visualization:/home/drone/project_gazebo_ws/install/as2_keyboard_teleoperation:/home/drone/project_gazebo_ws/install/as2_python_api:/opt/ros/humble /usr/bin/cmake /home/drone/comp0244_ws/comp0244-go2/src/unitree-go2-ros2/champ/champ_description -DCMAKE_INSTALL_PREFIX=/home/drone/comp0244_ws/comp0244-go2/src/install/champ_description
[0.527s] -- The C compiler identification is GNU 11.4.0
[0.527s] -- The CXX compiler identification is GNU 11.4.0
[0.527s] -- Detecting C compiler ABI info
[0.528s] -- Detecting C compiler ABI info - done
[0.528s] -- Check for working C compiler: /usr/bin/cc - skipped
[0.528s] -- Detecting C compile features
[0.528s] -- Detecting C compile features - done
[0.528s] -- Detecting CXX compiler ABI info
[0.528s] -- Detecting CXX compiler ABI info - done
[0.528s] -- Check for working CXX compiler: /usr/bin/c++ - skipped
[0.529s] -- Detecting CXX compile features
[0.529s] -- Detecting CXX compile features - done
[0.529s] -- Found ament_cmake: 1.3.11 (/opt/ros/humble/share/ament_cmake/cmake)
[0.593s] -- Found Python3: /usr/bin/python3 (found version "3.10.12") found components: Interpreter 
[0.667s] -- Found ament_lint_auto: 0.12.11 (/opt/ros/humble/share/ament_lint_auto/cmake)
[0.743s] -- Configuring done
[0.745s] -- Generating done
[0.747s] -- Build files have been written to: /home/drone/comp0244_ws/comp0244-go2/src/build/champ_description
[0.758s] Invoked command in '/home/drone/comp0244_ws/comp0244-go2/src/build/champ_description' returned '0': CMAKE_PREFIX_PATH=${CMAKE_PREFIX_PATH}:/home/drone/project_gazebo_ws/install/as2_visualization:/home/drone/project_gazebo_ws/install/as2_keyboard_teleoperation:/home/drone/project_gazebo_ws/install/as2_python_api:/opt/ros/humble /usr/bin/cmake /home/drone/comp0244_ws/comp0244-go2/src/unitree-go2-ros2/champ/champ_description -DCMAKE_INSTALL_PREFIX=/home/drone/comp0244_ws/comp0244-go2/src/install/champ_description
[0.759s] Invoking command in '/home/drone/comp0244_ws/comp0244-go2/src/build/champ_description': CMAKE_PREFIX_PATH=${CMAKE_PREFIX_PATH}:/home/drone/project_gazebo_ws/install/as2_visualization:/home/drone/project_gazebo_ws/install/as2_keyboard_teleoperation:/home/drone/project_gazebo_ws/install/as2_python_api:/opt/ros/humble /usr/bin/cmake --build /home/drone/comp0244_ws/comp0244-go2/src/build/champ_description -- -j22 -l22
[0.803s] Invoked command in '/home/drone/comp0244_ws/comp0244-go2/src/build/champ_description' returned '0': CMAKE_PREFIX_PATH=${CMAKE_PREFIX_PATH}:/home/drone/project_gazebo_ws/install/as2_visualization:/home/drone/project_gazebo_ws/install/as2_keyboard_teleoperation:/home/drone/project_gazebo_ws/install/as2_python_api:/opt/ros/humble /usr/bin/cmake --build /home/drone/comp0244_ws/comp0244-go2/src/build/champ_description -- -j22 -l22
[0.804s] Invoking command in '/home/drone/comp0244_ws/comp0244-go2/src/build/champ_description': CMAKE_PREFIX_PATH=${CMAKE_PREFIX_PATH}:/home/drone/project_gazebo_ws/install/as2_visualization:/home/drone/project_gazebo_ws/install/as2_keyboard_teleoperation:/home/drone/project_gazebo_ws/install/as2_python_api:/opt/ros/humble /usr/bin/cmake --install /home/drone/comp0244_ws/comp0244-go2/src/build/champ_description
[0.810s] -- Install configuration: ""
[0.810s] -- Installing: /home/drone/comp0244_ws/comp0244-go2/src/install/champ_description/share/champ_description/launch
[0.811s] -- Installing: /home/drone/comp0244_ws/comp0244-go2/src/install/champ_description/share/champ_description/launch/description.launch
[0.812s] -- Installing: /home/drone/comp0244_ws/comp0244-go2/src/install/champ_description/share/champ_description/launch/description.launch.py
[0.813s] -- Installing: /home/drone/comp0244_ws/comp0244-go2/src/install/champ_description/share/champ_description/launch/view_urdf.launch
[0.814s] -- Installing: /home/drone/comp0244_ws/comp0244-go2/src/install/champ_description/share/champ_description/rviz
[0.814s] -- Installing: /home/drone/comp0244_ws/comp0244-go2/src/install/champ_description/share/champ_description/rviz/urdf_viewer.rviz
[0.815s] -- Installing: /home/drone/comp0244_ws/comp0244-go2/src/install/champ_description/share/champ_description/meshes
[0.815s] -- Installing: /home/drone/comp0244_ws/comp0244-go2/src/install/champ_description/share/champ_description/meshes/lower_leg_simple.stl
[0.816s] -- Installing: /home/drone/comp0244_ws/comp0244-go2/src/install/champ_description/share/champ_description/meshes/upper_leg_simple.stl
[0.816s] -- Installing: /home/drone/comp0244_ws/comp0244-go2/src/install/champ_description/share/champ_description/meshes/asus_camera_simple.dae
[0.816s] -- Installing: /home/drone/comp0244_ws/comp0244-go2/src/install/champ_description/share/champ_description/meshes/hip.stl
[0.816s] -- Installing: /home/drone/comp0244_ws/comp0244-go2/src/install/champ_description/share/champ_description/meshes/hokuyo_utm_30lx.dae
[0.816s] -- Installing: /home/drone/comp0244_ws/comp0244-go2/src/install/champ_description/share/champ_description/meshes/upper_leg.stl
[0.816s] -- Installing: /home/drone/comp0244_ws/comp0244-go2/src/install/champ_description/share/champ_description/meshes/base_simple.stl
[0.816s] -- Installing: /home/drone/comp0244_ws/comp0244-go2/src/install/champ_description/share/champ_description/meshes/arm
[0.817s] -- Installing: /home/drone/comp0244_ws/comp0244-go2/src/install/champ_description/share/champ_description/meshes/arm/wrist2.stl
[0.819s] -- Installing: /home/drone/comp0244_ws/comp0244-go2/src/install/champ_description/share/champ_description/meshes/arm/lower_arm.stl
[0.821s] -- Installing: /home/drone/comp0244_ws/comp0244-go2/src/install/champ_description/share/champ_description/meshes/arm/wrist1.stl
[0.823s] -- Installing: /home/drone/comp0244_ws/comp0244-go2/src/install/champ_description/share/champ_description/meshes/arm/upper_arm.stl
[0.826s] -- Installing: /home/drone/comp0244_ws/comp0244-go2/src/install/champ_description/share/champ_description/meshes/arm/base.stl
[0.830s] -- Installing: /home/drone/comp0244_ws/comp0244-go2/src/install/champ_description/share/champ_description/meshes/base.stl
[0.831s] -- Installing: /home/drone/comp0244_ws/comp0244-go2/src/install/champ_description/share/champ_description/meshes/lower_leg.stl
[0.832s] -- Installing: /home/drone/comp0244_ws/comp0244-go2/src/install/champ_description/share/champ_description/urdf
[0.832s] -- Installing: /home/drone/comp0244_ws/comp0244-go2/src/install/champ_description/share/champ_description/urdf/champ_arm.urdf
[0.833s] -- Installing: /home/drone/comp0244_ws/comp0244-go2/src/install/champ_description/share/champ_description/urdf/hokuyo_utm30lx.urdf.xacro
[0.834s] -- Installing: /home/drone/comp0244_ws/comp0244-go2/src/install/champ_description/share/champ_description/urdf/properties.urdf.xacro
[0.834s] -- Installing: /home/drone/comp0244_ws/comp0244-go2/src/install/champ_description/share/champ_description/urdf/champ.urdf
[0.836s] -- Installing: /home/drone/comp0244_ws/comp0244-go2/src/install/champ_description/share/champ_description/urdf/champ.urdf.xacro
[0.836s] -- Installing: /home/drone/comp0244_ws/comp0244-go2/src/install/champ_description/share/champ_description/urdf/leg.urdf.xacro
[0.836s] -- Installing: /home/drone/comp0244_ws/comp0244-go2/src/install/champ_description/share/champ_description/urdf/accessories.urdf.xacro
[0.837s] -- Installing: /home/drone/comp0244_ws/comp0244-go2/src/install/champ_description/share/champ_description/urdf/gen_urdf
[0.837s] -- Installing: /home/drone/comp0244_ws/comp0244-go2/src/install/champ_description/share/champ_description/urdf/champ_velodyne.urdf
[0.838s] -- Installing: /home/drone/comp0244_ws/comp0244-go2/src/install/champ_description/share/champ_description/urdf/asus_camera.urdf.xacro
[0.838s] -- Installing: /home/drone/comp0244_ws/comp0244-go2/src/install/champ_description/share/ament_index/resource_index/package_run_dependencies/champ_description
[0.838s] -- Installing: /home/drone/comp0244_ws/comp0244-go2/src/install/champ_description/share/ament_index/resource_index/parent_prefix_path/champ_description
[0.838s] -- Installing: /home/drone/comp0244_ws/comp0244-go2/src/install/champ_description/share/champ_description/environment/ament_prefix_path.sh
[0.839s] -- Installing: /home/drone/comp0244_ws/comp0244-go2/src/install/champ_description/share/champ_description/environment/ament_prefix_path.dsv
[0.839s] -- Installing: /home/drone/comp0244_ws/comp0244-go2/src/install/champ_description/share/champ_description/environment/path.sh
[0.839s] -- Installing: /home/drone/comp0244_ws/comp0244-go2/src/install/champ_description/share/champ_description/environment/path.dsv
[0.839s] -- Installing: /home/drone/comp0244_ws/comp0244-go2/src/install/champ_description/share/champ_description/local_setup.bash
[0.839s] -- Installing: /home/drone/comp0244_ws/comp0244-go2/src/install/champ_description/share/champ_description/local_setup.sh
[0.839s] -- Installing: /home/drone/comp0244_ws/comp0244-go2/src/install/champ_description/share/champ_description/local_setup.zsh
[0.839s] -- Installing: /home/drone/comp0244_ws/comp0244-go2/src/install/champ_description/share/champ_description/local_setup.dsv
[0.839s] -- Installing: /home/drone/comp0244_ws/comp0244-go2/src/install/champ_description/share/champ_description/package.dsv
[0.839s] -- Installing: /home/drone/comp0244_ws/comp0244-go2/src/install/champ_description/share/ament_index/resource_index/packages/champ_description
[0.839s] -- Installing: /home/drone/comp0244_ws/comp0244-go2/src/install/champ_description/share/champ_description/cmake/champ_descriptionConfig.cmake
[0.839s] -- Installing: /home/drone/comp0244_ws/comp0244-go2/src/install/champ_description/share/champ_description/cmake/champ_descriptionConfig-version.cmake
[0.839s] -- Installing: /home/drone/comp0244_ws/comp0244-go2/src/install/champ_description/share/champ_description/package.xml
[0.841s] Invoked command in '/home/drone/comp0244_ws/comp0244-go2/src/build/champ_description' returned '0': CMAKE_PREFIX_PATH=${CMAKE_PREFIX_PATH}:/home/drone/project_gazebo_ws/install/as2_visualization:/home/drone/project_gazebo_ws/install/as2_keyboard_teleoperation:/home/drone/project_gazebo_ws/install/as2_python_api:/opt/ros/humble /usr/bin/cmake --install /home/drone/comp0244_ws/comp0244-go2/src/build/champ_description
