[0.180s] Invoking command in '/home/drone/comp0244_ws/comp0244-go2/src/build/go2_config': CMAKE_PREFIX_PATH=${CMAKE_PREFIX_PATH}:/home/drone/project_gazebo_ws/install/as2_visualization:/home/drone/project_gazebo_ws/install/as2_keyboard_teleoperation:/home/drone/project_gazebo_ws/install/as2_python_api:/opt/ros/humble /usr/bin/cmake /home/drone/comp0244_ws/comp0244-go2/src/unitree-go2-ros2/robots/configs/go2_config -DCMAKE_INSTALL_PREFIX=/home/drone/comp0244_ws/comp0244-go2/src/install/go2_config
[0.508s] -- The C compiler identification is GNU 11.4.0
[0.508s] -- The CXX compiler identification is GNU 11.4.0
[0.508s] -- Detecting C compiler ABI info
[0.508s] -- Detecting C compiler ABI info - done
[0.508s] -- Check for working C compiler: /usr/bin/cc - skipped
[0.508s] -- Detecting C compile features
[0.508s] -- Detecting C compile features - done
[0.508s] -- Detecting CXX compiler ABI info
[0.508s] -- Detecting CXX compiler ABI info - done
[0.508s] -- Check for working CXX compiler: /usr/bin/c++ - skipped
[0.508s] -- Detecting CXX compile features
[0.508s] -- Detecting CXX compile features - done
[0.508s] -- Found ament_cmake: 1.3.11 (/opt/ros/humble/share/ament_cmake/cmake)
[0.557s] -- Found Python3: /usr/bin/python3 (found version "3.10.12") found components: Interpreter 
[0.687s] -- Configuring done
[0.688s] -- Generating done
[0.689s] -- Build files have been written to: /home/drone/comp0244_ws/comp0244-go2/src/build/go2_config
[0.696s] Invoked command in '/home/drone/comp0244_ws/comp0244-go2/src/build/go2_config' returned '0': CMAKE_PREFIX_PATH=${CMAKE_PREFIX_PATH}:/home/drone/project_gazebo_ws/install/as2_visualization:/home/drone/project_gazebo_ws/install/as2_keyboard_teleoperation:/home/drone/project_gazebo_ws/install/as2_python_api:/opt/ros/humble /usr/bin/cmake /home/drone/comp0244_ws/comp0244-go2/src/unitree-go2-ros2/robots/configs/go2_config -DCMAKE_INSTALL_PREFIX=/home/drone/comp0244_ws/comp0244-go2/src/install/go2_config
[0.697s] Invoking command in '/home/drone/comp0244_ws/comp0244-go2/src/build/go2_config': CMAKE_PREFIX_PATH=${CMAKE_PREFIX_PATH}:/home/drone/project_gazebo_ws/install/as2_visualization:/home/drone/project_gazebo_ws/install/as2_keyboard_teleoperation:/home/drone/project_gazebo_ws/install/as2_python_api:/opt/ros/humble /usr/bin/cmake --build /home/drone/comp0244_ws/comp0244-go2/src/build/go2_config -- -j22 -l22
[0.726s] Invoked command in '/home/drone/comp0244_ws/comp0244-go2/src/build/go2_config' returned '0': CMAKE_PREFIX_PATH=${CMAKE_PREFIX_PATH}:/home/drone/project_gazebo_ws/install/as2_visualization:/home/drone/project_gazebo_ws/install/as2_keyboard_teleoperation:/home/drone/project_gazebo_ws/install/as2_python_api:/opt/ros/humble /usr/bin/cmake --build /home/drone/comp0244_ws/comp0244-go2/src/build/go2_config -- -j22 -l22
[0.728s] Invoking command in '/home/drone/comp0244_ws/comp0244-go2/src/build/go2_config': CMAKE_PREFIX_PATH=${CMAKE_PREFIX_PATH}:/home/drone/project_gazebo_ws/install/as2_visualization:/home/drone/project_gazebo_ws/install/as2_keyboard_teleoperation:/home/drone/project_gazebo_ws/install/as2_python_api:/opt/ros/humble /usr/bin/cmake --install /home/drone/comp0244_ws/comp0244-go2/src/build/go2_config
[0.733s] -- Install configuration: ""
[0.734s] -- Installing: /home/drone/comp0244_ws/comp0244-go2/src/install/go2_config/share/go2_config/launch
[0.734s] -- Installing: /home/drone/comp0244_ws/comp0244-go2/src/install/go2_config/share/go2_config/launch/gazebo_velodyne.launch.py
[0.734s] -- Installing: /home/drone/comp0244_ws/comp0244-go2/src/install/go2_config/share/go2_config/launch/gazebo.launch.py
[0.734s] -- Installing: /home/drone/comp0244_ws/comp0244-go2/src/install/go2_config/share/go2_config/launch/slam.launch.py
[0.734s] -- Installing: /home/drone/comp0244_ws/comp0244-go2/src/install/go2_config/share/go2_config/launch/bringup.launch.py
[0.734s] -- Installing: /home/drone/comp0244_ws/comp0244-go2/src/install/go2_config/share/go2_config/launch/gazebo_mid360.launch.py
[0.735s] -- Installing: /home/drone/comp0244_ws/comp0244-go2/src/install/go2_config/share/go2_config/launch/navigate.launch.py
[0.735s] -- Installing: /home/drone/comp0244_ws/comp0244-go2/src/install/go2_config/share/go2_config/config
[0.736s] -- Installing: /home/drone/comp0244_ws/comp0244-go2/src/install/go2_config/share/go2_config/config/links
[0.736s] -- Installing: /home/drone/comp0244_ws/comp0244-go2/src/install/go2_config/share/go2_config/config/links/links.yaml
[0.736s] -- Installing: /home/drone/comp0244_ws/comp0244-go2/src/install/go2_config/share/go2_config/config/autonomy
[0.736s] -- Installing: /home/drone/comp0244_ws/comp0244-go2/src/install/go2_config/share/go2_config/config/autonomy/navigation.yaml
[0.736s] -- Installing: /home/drone/comp0244_ws/comp0244-go2/src/install/go2_config/share/go2_config/config/autonomy/slam.yaml
[0.736s] -- Installing: /home/drone/comp0244_ws/comp0244-go2/src/install/go2_config/share/go2_config/config/joints
[0.736s] -- Installing: /home/drone/comp0244_ws/comp0244-go2/src/install/go2_config/share/go2_config/config/joints/joints.yaml
[0.736s] -- Installing: /home/drone/comp0244_ws/comp0244-go2/src/install/go2_config/share/go2_config/config/gait
[0.736s] -- Installing: /home/drone/comp0244_ws/comp0244-go2/src/install/go2_config/share/go2_config/config/gait/gait.yaml
[0.737s] -- Installing: /home/drone/comp0244_ws/comp0244-go2/src/install/go2_config/share/go2_config/config/ros_control
[0.737s] -- Installing: /home/drone/comp0244_ws/comp0244-go2/src/install/go2_config/share/go2_config/config/ros_control/ros_control.yaml
[0.737s] -- Installing: /home/drone/comp0244_ws/comp0244-go2/src/install/go2_config/share/go2_config/maps
[0.737s] -- Installing: /home/drone/comp0244_ws/comp0244-go2/src/install/go2_config/share/go2_config/maps/map.yaml
[0.737s] -- Installing: /home/drone/comp0244_ws/comp0244-go2/src/install/go2_config/share/go2_config/maps/playground.pgm
[0.741s] -- Installing: /home/drone/comp0244_ws/comp0244-go2/src/install/go2_config/share/go2_config/maps/playground.yaml
[0.742s] -- Installing: /home/drone/comp0244_ws/comp0244-go2/src/install/go2_config/share/go2_config/maps/map.pgm
[0.769s] -- Installing: /home/drone/comp0244_ws/comp0244-go2/src/install/go2_config/share/go2_config/worlds
[0.769s] -- Installing: /home/drone/comp0244_ws/comp0244-go2/src/install/go2_config/share/go2_config/worlds/default.world
[0.769s] -- Installing: /home/drone/comp0244_ws/comp0244-go2/src/install/go2_config/share/go2_config/worlds/outdoor.world
[0.773s] -- Installing: /home/drone/comp0244_ws/comp0244-go2/src/install/go2_config/share/go2_config/worlds/IscasMuseumAppended.world
[0.774s] -- Installing: /home/drone/comp0244_ws/comp0244-go2/src/install/go2_config/share/go2_config/worlds/simple_environment.world
[0.776s] -- Installing: /home/drone/comp0244_ws/comp0244-go2/src/install/go2_config/share/go2_config/worlds/playground.world
[0.778s] -- Installing: /home/drone/comp0244_ws/comp0244-go2/src/install/go2_config/share/ament_index/resource_index/package_run_dependencies/go2_config
[0.779s] -- Installing: /home/drone/comp0244_ws/comp0244-go2/src/install/go2_config/share/ament_index/resource_index/parent_prefix_path/go2_config
[0.779s] -- Installing: /home/drone/comp0244_ws/comp0244-go2/src/install/go2_config/share/go2_config/environment/ament_prefix_path.sh
[0.779s] -- Installing: /home/drone/comp0244_ws/comp0244-go2/src/install/go2_config/share/go2_config/environment/ament_prefix_path.dsv
[0.779s] -- Installing: /home/drone/comp0244_ws/comp0244-go2/src/install/go2_config/share/go2_config/environment/path.sh
[0.779s] -- Installing: /home/drone/comp0244_ws/comp0244-go2/src/install/go2_config/share/go2_config/environment/path.dsv
[0.779s] -- Installing: /home/drone/comp0244_ws/comp0244-go2/src/install/go2_config/share/go2_config/local_setup.bash
[0.779s] -- Installing: /home/drone/comp0244_ws/comp0244-go2/src/install/go2_config/share/go2_config/local_setup.sh
[0.780s] -- Installing: /home/drone/comp0244_ws/comp0244-go2/src/install/go2_config/share/go2_config/local_setup.zsh
[0.780s] -- Installing: /home/drone/comp0244_ws/comp0244-go2/src/install/go2_config/share/go2_config/local_setup.dsv
[0.780s] -- Installing: /home/drone/comp0244_ws/comp0244-go2/src/install/go2_config/share/go2_config/package.dsv
[0.780s] -- Installing: /home/drone/comp0244_ws/comp0244-go2/src/install/go2_config/share/ament_index/resource_index/packages/go2_config
[0.780s] -- Installing: /home/drone/comp0244_ws/comp0244-go2/src/install/go2_config/share/go2_config/cmake/go2_configConfig.cmake
[0.780s] -- Installing: /home/drone/comp0244_ws/comp0244-go2/src/install/go2_config/share/go2_config/cmake/go2_configConfig-version.cmake
[0.780s] -- Installing: /home/drone/comp0244_ws/comp0244-go2/src/install/go2_config/share/go2_config/package.xml
[0.784s] Invoked command in '/home/drone/comp0244_ws/comp0244-go2/src/build/go2_config' returned '0': CMAKE_PREFIX_PATH=${CMAKE_PREFIX_PATH}:/home/drone/project_gazebo_ws/install/as2_visualization:/home/drone/project_gazebo_ws/install/as2_keyboard_teleoperation:/home/drone/project_gazebo_ws/install/as2_python_api:/opt/ros/humble /usr/bin/cmake --install /home/drone/comp0244_ws/comp0244-go2/src/build/go2_config
