[0.037s] Invoking command in '/home/drone/comp0244_ws/comp0244-go2/src/build/champ_config': CMAKE_PREFIX_PATH=${CMAKE_PREFIX_PATH}:/home/drone/project_gazebo_ws/install/as2_visualization:/home/drone/project_gazebo_ws/install/as2_keyboard_teleoperation:/home/drone/project_gazebo_ws/install/as2_python_api:/opt/ros/humble /usr/bin/cmake --build /home/drone/comp0244_ws/comp0244-go2/src/build/champ_config -- -j22 -l22
[0.738s] Invoked command in '/home/drone/comp0244_ws/comp0244-go2/src/build/champ_config' returned '0': CMAKE_PREFIX_PATH=${CMAKE_PREFIX_PATH}:/home/drone/project_gazebo_ws/install/as2_visualization:/home/drone/project_gazebo_ws/install/as2_keyboard_teleoperation:/home/drone/project_gazebo_ws/install/as2_python_api:/opt/ros/humble /usr/bin/cmake --build /home/drone/comp0244_ws/comp0244-go2/src/build/champ_config -- -j22 -l22
[0.749s] Invoking command in '/home/drone/comp0244_ws/comp0244-go2/src/build/champ_config': CMAKE_PREFIX_PATH=${CMAKE_PREFIX_PATH}:/home/drone/project_gazebo_ws/install/as2_visualization:/home/drone/project_gazebo_ws/install/as2_keyboard_teleoperation:/home/drone/project_gazebo_ws/install/as2_python_api:/opt/ros/humble /usr/bin/cmake --install /home/drone/comp0244_ws/comp0244-go2/src/build/champ_config
[0.770s] -- Install configuration: ""
[0.770s] -- Up-to-date: /home/drone/comp0244_ws/comp0244-go2/src/install/champ_config/share/champ_config/launch
[0.770s] -- Up-to-date: /home/drone/comp0244_ws/comp0244-go2/src/install/champ_config/share/champ_config/launch/gazebo.launch.py
[0.770s] -- Up-to-date: /home/drone/comp0244_ws/comp0244-go2/src/install/champ_config/share/champ_config/launch/slam.launch.py
[0.770s] -- Up-to-date: /home/drone/comp0244_ws/comp0244-go2/src/install/champ_config/share/champ_config/launch/bringup.launch.py
[0.770s] -- Up-to-date: /home/drone/comp0244_ws/comp0244-go2/src/install/champ_config/share/champ_config/launch/navigate.launch.py
[0.770s] -- Up-to-date: /home/drone/comp0244_ws/comp0244-go2/src/install/champ_config/share/champ_config/config
[0.770s] -- Up-to-date: /home/drone/comp0244_ws/comp0244-go2/src/install/champ_config/share/champ_config/config/links
[0.770s] -- Up-to-date: /home/drone/comp0244_ws/comp0244-go2/src/install/champ_config/share/champ_config/config/links/links.yaml
[0.770s] -- Up-to-date: /home/drone/comp0244_ws/comp0244-go2/src/install/champ_config/share/champ_config/config/autonomy
[0.771s] -- Up-to-date: /home/drone/comp0244_ws/comp0244-go2/src/install/champ_config/share/champ_config/config/autonomy/navigation.yaml
[0.771s] -- Up-to-date: /home/drone/comp0244_ws/comp0244-go2/src/install/champ_config/share/champ_config/config/autonomy/slam.yaml
[0.771s] -- Up-to-date: /home/drone/comp0244_ws/comp0244-go2/src/install/champ_config/share/champ_config/config/joints
[0.771s] -- Up-to-date: /home/drone/comp0244_ws/comp0244-go2/src/install/champ_config/share/champ_config/config/joints/joints.yaml
[0.771s] -- Up-to-date: /home/drone/comp0244_ws/comp0244-go2/src/install/champ_config/share/champ_config/config/gait
[0.771s] -- Up-to-date: /home/drone/comp0244_ws/comp0244-go2/src/install/champ_config/share/champ_config/config/gait/gait.yaml
[0.773s] -- Up-to-date: /home/drone/comp0244_ws/comp0244-go2/src/install/champ_config/share/champ_config/maps
[0.773s] -- Up-to-date: /home/drone/comp0244_ws/comp0244-go2/src/install/champ_config/share/champ_config/maps/map.yaml
[0.774s] -- Up-to-date: /home/drone/comp0244_ws/comp0244-go2/src/install/champ_config/share/champ_config/maps/playground.pgm
[0.774s] -- Up-to-date: /home/drone/comp0244_ws/comp0244-go2/src/install/champ_config/share/champ_config/maps/playground.yaml
[0.774s] -- Up-to-date: /home/drone/comp0244_ws/comp0244-go2/src/install/champ_config/share/champ_config/maps/map.pgm
[0.774s] -- Up-to-date: /home/drone/comp0244_ws/comp0244-go2/src/install/champ_config/share/champ_config/worlds
[0.777s] -- Up-to-date: /home/drone/comp0244_ws/comp0244-go2/src/install/champ_config/share/champ_config/worlds/default.world
[0.777s] -- Up-to-date: /home/drone/comp0244_ws/comp0244-go2/src/install/champ_config/share/champ_config/worlds/outdoor.world
[0.779s] -- Up-to-date: /home/drone/comp0244_ws/comp0244-go2/src/install/champ_config/share/champ_config/worlds/playground.world
[0.779s] -- Up-to-date: /home/drone/comp0244_ws/comp0244-go2/src/install/champ_config/share/ament_index/resource_index/package_run_dependencies/champ_config
[0.779s] -- Up-to-date: /home/drone/comp0244_ws/comp0244-go2/src/install/champ_config/share/ament_index/resource_index/parent_prefix_path/champ_config
[0.779s] -- Up-to-date: /home/drone/comp0244_ws/comp0244-go2/src/install/champ_config/share/champ_config/environment/ament_prefix_path.sh
[0.780s] -- Up-to-date: /home/drone/comp0244_ws/comp0244-go2/src/install/champ_config/share/champ_config/environment/ament_prefix_path.dsv
[0.780s] -- Up-to-date: /home/drone/comp0244_ws/comp0244-go2/src/install/champ_config/share/champ_config/environment/path.sh
[0.780s] -- Up-to-date: /home/drone/comp0244_ws/comp0244-go2/src/install/champ_config/share/champ_config/environment/path.dsv
[0.780s] -- Up-to-date: /home/drone/comp0244_ws/comp0244-go2/src/install/champ_config/share/champ_config/local_setup.bash
[0.780s] -- Up-to-date: /home/drone/comp0244_ws/comp0244-go2/src/install/champ_config/share/champ_config/local_setup.sh
[0.780s] -- Up-to-date: /home/drone/comp0244_ws/comp0244-go2/src/install/champ_config/share/champ_config/local_setup.zsh
[0.780s] -- Up-to-date: /home/drone/comp0244_ws/comp0244-go2/src/install/champ_config/share/champ_config/local_setup.dsv
[0.780s] -- Installing: /home/drone/comp0244_ws/comp0244-go2/src/install/champ_config/share/champ_config/package.dsv
[0.780s] -- Up-to-date: /home/drone/comp0244_ws/comp0244-go2/src/install/champ_config/share/ament_index/resource_index/packages/champ_config
[0.780s] -- Up-to-date: /home/drone/comp0244_ws/comp0244-go2/src/install/champ_config/share/champ_config/cmake/champ_configConfig.cmake
[0.780s] -- Up-to-date: /home/drone/comp0244_ws/comp0244-go2/src/install/champ_config/share/champ_config/cmake/champ_configConfig-version.cmake
[0.780s] -- Up-to-date: /home/drone/comp0244_ws/comp0244-go2/src/install/champ_config/share/champ_config/package.xml
[0.827s] Invoked command in '/home/drone/comp0244_ws/comp0244-go2/src/build/champ_config' returned '0': CMAKE_PREFIX_PATH=${CMAKE_PREFIX_PATH}:/home/drone/project_gazebo_ws/install/as2_visualization:/home/drone/project_gazebo_ws/install/as2_keyboard_teleoperation:/home/drone/project_gazebo_ws/install/as2_python_api:/opt/ros/humble /usr/bin/cmake --install /home/drone/comp0244_ws/comp0244-go2/src/build/champ_config
