[0.042s] Invoking command in '/home/drone/comp0244_ws/comp0244-go2/src/build/livox_ros_driver2': CMAKE_PREFIX_PATH=${CMAKE_PREFIX_PATH}:/home/drone/project_gazebo_ws/install/as2_visualization:/home/drone/project_gazebo_ws/install/as2_keyboard_teleoperation:/home/drone/project_gazebo_ws/install/as2_python_api:/opt/ros/humble /usr/bin/cmake --build /home/drone/comp0244_ws/comp0244-go2/src/build/livox_ros_driver2 -- -j22 -l22
[0.524s] [  1%] [34m[1mGenerating C code for ROS interfaces[0m
[0.524s] [  3%] [34m[1mGenerating C++ code for ROS interfaces[0m
[0.524s] [  5%] [32mBuilding CXX object CMakeFiles/livox_ros_driver2_node.dir/rclcpp_components/node_main_livox_ros_driver2_node.cpp.o[0m
[0.524s] [  5%] Built target ament_cmake_python_copy_livox_ros_driver2
[0.524s] running egg_info
[0.524s] creating livox_ros_driver2.egg-info
[0.524s] writing livox_ros_driver2.egg-info/PKG-INFO
[0.524s] writing dependency_links to livox_ros_driver2.egg-info/dependency_links.txt
[0.524s] writing top-level names to livox_ros_driver2.egg-info/top_level.txt
[0.524s] writing manifest file 'livox_ros_driver2.egg-info/SOURCES.txt'
[0.524s] reading manifest file 'livox_ros_driver2.egg-info/SOURCES.txt'
[0.524s] writing manifest file 'livox_ros_driver2.egg-info/SOURCES.txt'
[0.524s] [  5%] Built target ament_cmake_python_build_livox_ros_driver2_egg
[0.525s] [  8%] [32mBuilding C object CMakeFiles/livox_interfaces2__rosidl_generator_c.dir/rosidl_generator_c/livox_ros_driver2/msg/detail/custom_point__functions.c.o[0m
[0.525s] [  8%] [32mBuilding C object CMakeFiles/livox_interfaces2__rosidl_generator_c.dir/rosidl_generator_c/livox_ros_driver2/msg/detail/custom_msg__functions.c.o[0m
[0.525s] [ 10%] [32m[1mLinking C shared library liblivox_ros_driver2__rosidl_generator_c.so[0m
[0.525s] [ 10%] Built target livox_interfaces2__cpp
[0.526s] [ 15%] [34m[1mGenerating C++ introspection for ROS interfaces[0m
[0.526s] [ 15%] [34m[1mGenerating C++ type support dispatch for ROS interfaces[0m
[0.526s] [ 15%] [34m[1mGenerating C++ type support for eProsima Fast-RTPS[0m
[0.526s] [ 15%] Built target livox_interfaces2__rosidl_generator_c
[0.526s] [ 17%] [34m[1mGenerating C introspection for ROS interfaces[0m
[0.526s] [ 21%] [34m[1mGenerating C type support for eProsima Fast-RTPS[0m
[0.526s] [ 21%] [34m[1mGenerating C type support dispatch for ROS interfaces[0m
[0.647s] [ 22%] [32mBuilding CXX object CMakeFiles/livox_interfaces2__rosidl_typesupport_fastrtps_cpp.dir/rosidl_typesupport_fastrtps_cpp/livox_ros_driver2/msg/detail/dds_fastrtps/custom_point__type_support.cpp.o[0m
[0.647s] [ 24%] [32mBuilding CXX object CMakeFiles/livox_interfaces2__rosidl_typesupport_fastrtps_cpp.dir/rosidl_typesupport_fastrtps_cpp/livox_ros_driver2/msg/detail/dds_fastrtps/custom_msg__type_support.cpp.o[0m
[0.653s] [ 28%] [32mBuilding CXX object CMakeFiles/livox_interfaces2__rosidl_typesupport_c.dir/rosidl_typesupport_c/livox_ros_driver2/msg/custom_point__type_support.cpp.o[0m
[0.653s] [ 28%] [32mBuilding CXX object CMakeFiles/livox_interfaces2__rosidl_typesupport_c.dir/rosidl_typesupport_c/livox_ros_driver2/msg/custom_msg__type_support.cpp.o[0m
[0.669s] [ 29%] [32mBuilding CXX object CMakeFiles/livox_interfaces2__rosidl_typesupport_introspection_cpp.dir/rosidl_typesupport_introspection_cpp/livox_ros_driver2/msg/detail/custom_point__type_support.cpp.o[0m
[0.671s] [ 31%] [32mBuilding CXX object CMakeFiles/livox_interfaces2__rosidl_typesupport_introspection_cpp.dir/rosidl_typesupport_introspection_cpp/livox_ros_driver2/msg/detail/custom_msg__type_support.cpp.o[0m
[0.674s] [ 33%] [32m[1mLinking CXX shared library liblivox_ros_driver2__rosidl_typesupport_c.so[0m
[0.699s] [ 36%] [32mBuilding CXX object CMakeFiles/livox_interfaces2__rosidl_typesupport_fastrtps_c.dir/rosidl_typesupport_fastrtps_c/livox_ros_driver2/msg/detail/custom_point__type_support_c.cpp.o[0m
[0.699s] [ 36%] [32mBuilding CXX object CMakeFiles/livox_interfaces2__rosidl_typesupport_fastrtps_c.dir/rosidl_typesupport_fastrtps_c/livox_ros_driver2/msg/detail/custom_msg__type_support_c.cpp.o[0m
[0.708s] [ 36%] Built target livox_interfaces2__rosidl_typesupport_c
[0.721s] [ 40%] [32mBuilding CXX object CMakeFiles/livox_interfaces2__rosidl_typesupport_cpp.dir/rosidl_typesupport_cpp/livox_ros_driver2/msg/custom_point__type_support.cpp.o[0m
[0.721s] [ 40%] [32mBuilding CXX object CMakeFiles/livox_interfaces2__rosidl_typesupport_cpp.dir/rosidl_typesupport_cpp/livox_ros_driver2/msg/custom_msg__type_support.cpp.o[0m
[0.764s] [ 42%] [32mBuilding C object CMakeFiles/livox_interfaces2__rosidl_typesupport_introspection_c.dir/rosidl_typesupport_introspection_c/livox_ros_driver2/msg/detail/custom_point__type_support.c.o[0m
[0.765s] [ 43%] [32mBuilding C object CMakeFiles/livox_interfaces2__rosidl_typesupport_introspection_c.dir/rosidl_typesupport_introspection_c/livox_ros_driver2/msg/detail/custom_msg__type_support.c.o[0m
[0.836s] [ 45%] [32m[1mLinking C shared library liblivox_ros_driver2__rosidl_typesupport_introspection_c.so[0m
[0.840s] [ 45%] Built target livox_interfaces2__rosidl_typesupport_introspection_c
[0.987s] [ 47%] [32m[1mLinking CXX shared library liblivox_ros_driver2__rosidl_typesupport_cpp.so[0m
[0.998s] [ 49%] [32m[1mLinking CXX shared library liblivox_ros_driver2__rosidl_typesupport_introspection_cpp.so[0m
[1.007s] [ 50%] [32m[1mLinking CXX shared library liblivox_ros_driver2__rosidl_typesupport_fastrtps_c.so[0m
[1.013s] [ 50%] Built target livox_interfaces2__rosidl_typesupport_cpp
[1.069s] [ 50%] Built target livox_interfaces2__rosidl_typesupport_fastrtps_c
[1.089s] [ 50%] Built target livox_interfaces2__rosidl_typesupport_introspection_cpp
[1.091s] [ 52%] [32m[1mLinking CXX shared library liblivox_ros_driver2__rosidl_typesupport_fastrtps_cpp.so[0m
[1.167s] [ 52%] Built target livox_interfaces2__rosidl_typesupport_fastrtps_cpp
[1.189s] [ 52%] Built target livox_interfaces2
[1.212s] [ 61%] [32mBuilding CXX object CMakeFiles/livox_ros_driver2.dir/src/lds.cpp.o[0m
[1.212s] [ 61%] [32mBuilding CXX object CMakeFiles/livox_ros_driver2.dir/src/livox_ros_driver2.cpp.o[0m
[1.212s] [ 61%] [34m[1mGenerating Python code for ROS interfaces[0m
[1.212s] [ 61%] [32mBuilding CXX object CMakeFiles/livox_ros_driver2.dir/src/lds_lidar.cpp.o[0m
[1.212s] [ 63%] [32mBuilding CXX object CMakeFiles/livox_ros_driver2.dir/src/comm/semaphore.cpp.o[0m
[1.212s] [ 64%] [32mBuilding CXX object CMakeFiles/livox_ros_driver2.dir/src/comm/ldq.cpp.o[0m
[1.212s] [ 61%] [32mBuilding CXX object CMakeFiles/livox_ros_driver2.dir/src/driver_node.cpp.o[0m
[1.216s] [ 68%] [32mBuilding CXX object CMakeFiles/livox_ros_driver2.dir/src/parse_cfg_file/parse_cfg_file.cpp.o[0m
[1.216s] [ 68%] [32mBuilding CXX object CMakeFiles/livox_ros_driver2.dir/src/lddc.cpp.o[0m
[1.217s] [ 71%] [32mBuilding CXX object CMakeFiles/livox_ros_driver2.dir/src/comm/pub_handler.cpp.o[0m
[1.218s] [ 71%] [32mBuilding CXX object CMakeFiles/livox_ros_driver2.dir/src/comm/comm.cpp.o[0m
[1.218s] [ 75%] [32mBuilding CXX object CMakeFiles/livox_ros_driver2.dir/src/comm/cache_index.cpp.o[0m
[1.219s] [ 75%] [32mBuilding CXX object CMakeFiles/livox_ros_driver2.dir/src/parse_cfg_file/parse_livox_lidar_cfg.cpp.o[0m
[1.220s] [ 77%] [32mBuilding CXX object CMakeFiles/livox_ros_driver2.dir/src/call_back/lidar_common_callback.cpp.o[0m
[1.220s] [ 78%] [32mBuilding CXX object CMakeFiles/livox_ros_driver2.dir/src/call_back/livox_lidar_callback.cpp.o[0m
[1.223s] [ 80%] [32mBuilding CXX object CMakeFiles/livox_ros_driver2.dir/src/comm/lidar_imu_data_queue.cpp.o[0m
[1.899s] [ 80%] Built target livox_interfaces2__py
[1.914s] [ 82%] [32mBuilding C object CMakeFiles/livox_interfaces2__rosidl_generator_py.dir/rosidl_generator_py/livox_ros_driver2/msg/_custom_point_s.c.o[0m
[1.916s] [ 84%] [32mBuilding C object CMakeFiles/livox_interfaces2__rosidl_generator_py.dir/rosidl_generator_py/livox_ros_driver2/msg/_custom_msg_s.c.o[0m
[2.010s] [ 85%] [32m[1mLinking C shared library rosidl_generator_py/livox_ros_driver2/liblivox_interfaces2__rosidl_generator_py.so[0m
[2.049s] [ 85%] Built target livox_interfaces2__rosidl_generator_py
[2.064s] [ 87%] [32mBuilding C object CMakeFiles/livox_ros_driver2__rosidl_typesupport_c__pyext.dir/rosidl_generator_py/livox_ros_driver2/_livox_ros_driver2_s.ep.rosidl_typesupport_c.c.o[0m
[2.069s] [ 91%] [32mBuilding C object CMakeFiles/livox_ros_driver2__rosidl_typesupport_fastrtps_c__pyext.dir/rosidl_generator_py/livox_ros_driver2/_livox_ros_driver2_s.ep.rosidl_typesupport_fastrtps_c.c.o[0m
[2.069s] [ 91%] [32mBuilding C object CMakeFiles/livox_ros_driver2__rosidl_typesupport_introspection_c__pyext.dir/rosidl_generator_py/livox_ros_driver2/_livox_ros_driver2_s.ep.rosidl_typesupport_introspection_c.c.o[0m
[2.125s] [ 92%] [32m[1mLinking C shared library rosidl_generator_py/livox_ros_driver2/livox_ros_driver2_s__rosidl_typesupport_c.cpython-310-x86_64-linux-gnu.so[0m
[2.142s] [ 94%] [32m[1mLinking C shared library rosidl_generator_py/livox_ros_driver2/livox_ros_driver2_s__rosidl_typesupport_fastrtps_c.cpython-310-x86_64-linux-gnu.so[0m
[2.153s] [ 96%] [32m[1mLinking C shared library rosidl_generator_py/livox_ros_driver2/livox_ros_driver2_s__rosidl_typesupport_introspection_c.cpython-310-x86_64-linux-gnu.so[0m
[2.159s] [ 96%] Built target livox_ros_driver2__rosidl_typesupport_c__pyext
[2.172s] [ 96%] Built target livox_ros_driver2__rosidl_typesupport_fastrtps_c__pyext
[2.186s] [ 96%] Built target livox_ros_driver2__rosidl_typesupport_introspection_c__pyext
[2.344s] [ 98%] [32m[1mLinking CXX executable livox_ros_driver2_node[0m
[2.481s] [ 98%] Built target livox_ros_driver2_node
[6.890s] [100%] [32m[1mLinking CXX shared library liblivox_ros_driver2.so[0m
[7.582s] [100%] Built target livox_ros_driver2
