running egg_info
creating ../build/edge_follower/edge_follower.egg-info
writing ../build/edge_follower/edge_follower.egg-info/PKG-INFO
writing dependency_links to ../build/edge_follower/edge_follower.egg-info/dependency_links.txt
writing entry points to ../build/edge_follower/edge_follower.egg-info/entry_points.txt
writing requirements to ../build/edge_follower/edge_follower.egg-info/requires.txt
writing top-level names to ../build/edge_follower/edge_follower.egg-info/top_level.txt
writing manifest file '../build/edge_follower/edge_follower.egg-info/SOURCES.txt'
reading manifest file '../build/edge_follower/edge_follower.egg-info/SOURCES.txt'
writing manifest file '../build/edge_follower/edge_follower.egg-info/SOURCES.txt'
running build
running build_py
creating /home/drone/comp0244_ws/comp0244-go2/src/build/edge_follower/build
creating /home/drone/comp0244_ws/comp0244-go2/src/build/edge_follower/build/lib
creating /home/drone/comp0244_ws/comp0244-go2/src/build/edge_follower/build/lib/edge_follower
copying edge_follower/__init__.py -> /home/drone/comp0244_ws/comp0244-go2/src/build/edge_follower/build/lib/edge_follower
copying edge_follower/edge_follower_node.py -> /home/drone/comp0244_ws/comp0244-go2/src/build/edge_follower/build/lib/edge_follower
running install
running install_lib
creating /home/drone/comp0244_ws/comp0244-go2/src/install/edge_follower/lib/python3.10/site-packages/edge_follower
copying /home/drone/comp0244_ws/comp0244-go2/src/build/edge_follower/build/lib/edge_follower/__init__.py -> /home/drone/comp0244_ws/comp0244-go2/src/install/edge_follower/lib/python3.10/site-packages/edge_follower
copying /home/drone/comp0244_ws/comp0244-go2/src/build/edge_follower/build/lib/edge_follower/edge_follower_node.py -> /home/drone/comp0244_ws/comp0244-go2/src/install/edge_follower/lib/python3.10/site-packages/edge_follower
byte-compiling /home/drone/comp0244_ws/comp0244-go2/src/install/edge_follower/lib/python3.10/site-packages/edge_follower/__init__.py to __init__.cpython-310.pyc
byte-compiling /home/drone/comp0244_ws/comp0244-go2/src/install/edge_follower/lib/python3.10/site-packages/edge_follower/edge_follower_node.py to edge_follower_node.cpython-310.pyc
running install_data
creating /home/drone/comp0244_ws/comp0244-go2/src/install/edge_follower/share/ament_index
creating /home/drone/comp0244_ws/comp0244-go2/src/install/edge_follower/share/ament_index/resource_index
creating /home/drone/comp0244_ws/comp0244-go2/src/install/edge_follower/share/ament_index/resource_index/packages
copying resource/edge_follower -> /home/drone/comp0244_ws/comp0244-go2/src/install/edge_follower/share/ament_index/resource_index/packages
copying package.xml -> /home/drone/comp0244_ws/comp0244-go2/src/install/edge_follower/share/edge_follower
running install_egg_info
Copying ../build/edge_follower/edge_follower.egg-info to /home/drone/comp0244_ws/comp0244-go2/src/install/edge_follower/lib/python3.10/site-packages/edge_follower-0.0.1-py3.10.egg-info
running install_scripts
Installing edge_follower script to /home/drone/comp0244_ws/comp0244-go2/src/install/edge_follower/lib/edge_follower
writing list of installed files to '/home/drone/comp0244_ws/comp0244-go2/src/build/edge_follower/install.log'
