[1.086s] Invoking command in '/home/drone/comp0244_ws/comp0244-go2/src/edge_follower': PYTHONPATH=/home/drone/comp0244_ws/comp0244-go2/src/build/edge_follower/prefix_override:/usr/lib/python3/dist-packages/colcon_core/task/python/colcon_distutils_commands:/home/drone/comp0244_ws/comp0244-go2/src/install/edge_follower/lib/python3.10/site-packages:${PYTHONPATH} /usr/bin/python3 -W ignore:setup.py install is deprecated -W ignore:easy_install command is deprecated setup.py egg_info --egg-base ../build/edge_follower build --build-base /home/drone/comp0244_ws/comp0244-go2/src/build/edge_follower/build install --record /home/drone/comp0244_ws/comp0244-go2/src/build/edge_follower/install.log --single-version-externally-managed install_data
[1.222s] running egg_info
[1.222s] creating ../build/edge_follower/edge_follower.egg-info
[1.222s] writing ../build/edge_follower/edge_follower.egg-info/PKG-INFO
[1.222s] writing dependency_links to ../build/edge_follower/edge_follower.egg-info/dependency_links.txt
[1.222s] writing entry points to ../build/edge_follower/edge_follower.egg-info/entry_points.txt
[1.223s] writing requirements to ../build/edge_follower/edge_follower.egg-info/requires.txt
[1.223s] writing top-level names to ../build/edge_follower/edge_follower.egg-info/top_level.txt
[1.223s] writing manifest file '../build/edge_follower/edge_follower.egg-info/SOURCES.txt'
[1.223s] reading manifest file '../build/edge_follower/edge_follower.egg-info/SOURCES.txt'
[1.224s] writing manifest file '../build/edge_follower/edge_follower.egg-info/SOURCES.txt'
[1.224s] running build
[1.224s] running build_py
[1.224s] creating /home/drone/comp0244_ws/comp0244-go2/src/build/edge_follower/build
[1.224s] creating /home/drone/comp0244_ws/comp0244-go2/src/build/edge_follower/build/lib
[1.224s] creating /home/drone/comp0244_ws/comp0244-go2/src/build/edge_follower/build/lib/edge_follower
[1.224s] copying edge_follower/__init__.py -> /home/drone/comp0244_ws/comp0244-go2/src/build/edge_follower/build/lib/edge_follower
[1.224s] copying edge_follower/edge_follower_node.py -> /home/drone/comp0244_ws/comp0244-go2/src/build/edge_follower/build/lib/edge_follower
[1.225s] running install
[1.225s] running install_lib
[1.225s] creating /home/drone/comp0244_ws/comp0244-go2/src/install/edge_follower/lib/python3.10/site-packages/edge_follower
[1.225s] copying /home/drone/comp0244_ws/comp0244-go2/src/build/edge_follower/build/lib/edge_follower/__init__.py -> /home/drone/comp0244_ws/comp0244-go2/src/install/edge_follower/lib/python3.10/site-packages/edge_follower
[1.225s] copying /home/drone/comp0244_ws/comp0244-go2/src/build/edge_follower/build/lib/edge_follower/edge_follower_node.py -> /home/drone/comp0244_ws/comp0244-go2/src/install/edge_follower/lib/python3.10/site-packages/edge_follower
[1.225s] byte-compiling /home/drone/comp0244_ws/comp0244-go2/src/install/edge_follower/lib/python3.10/site-packages/edge_follower/__init__.py to __init__.cpython-310.pyc
[1.225s] byte-compiling /home/drone/comp0244_ws/comp0244-go2/src/install/edge_follower/lib/python3.10/site-packages/edge_follower/edge_follower_node.py to edge_follower_node.cpython-310.pyc
[1.226s] running install_data
[1.226s] creating /home/drone/comp0244_ws/comp0244-go2/src/install/edge_follower/share/ament_index
[1.226s] creating /home/drone/comp0244_ws/comp0244-go2/src/install/edge_follower/share/ament_index/resource_index
[1.226s] creating /home/drone/comp0244_ws/comp0244-go2/src/install/edge_follower/share/ament_index/resource_index/packages
[1.226s] copying resource/edge_follower -> /home/drone/comp0244_ws/comp0244-go2/src/install/edge_follower/share/ament_index/resource_index/packages
[1.226s] copying package.xml -> /home/drone/comp0244_ws/comp0244-go2/src/install/edge_follower/share/edge_follower
[1.226s] running install_egg_info
[1.227s] Copying ../build/edge_follower/edge_follower.egg-info to /home/drone/comp0244_ws/comp0244-go2/src/install/edge_follower/lib/python3.10/site-packages/edge_follower-0.0.1-py3.10.egg-info
[1.228s] running install_scripts
[1.239s] Installing edge_follower script to /home/drone/comp0244_ws/comp0244-go2/src/install/edge_follower/lib/edge_follower
[1.240s] writing list of installed files to '/home/drone/comp0244_ws/comp0244-go2/src/build/edge_follower/install.log'
[1.255s] Invoked command in '/home/drone/comp0244_ws/comp0244-go2/src/edge_follower' returned '0': PYTHONPATH=/home/drone/comp0244_ws/comp0244-go2/src/build/edge_follower/prefix_override:/usr/lib/python3/dist-packages/colcon_core/task/python/colcon_distutils_commands:/home/drone/comp0244_ws/comp0244-go2/src/install/edge_follower/lib/python3.10/site-packages:${PYTHONPATH} /usr/bin/python3 -W ignore:setup.py install is deprecated -W ignore:easy_install command is deprecated setup.py egg_info --egg-base ../build/edge_follower build --build-base /home/drone/comp0244_ws/comp0244-go2/src/build/edge_follower/build install --record /home/drone/comp0244_ws/comp0244-go2/src/build/edge_follower/install.log --single-version-externally-managed install_data
