[1.120s] Invoking command in '/home/drone/comp0244_ws/comp0244-go2/src/waypoint_follower': PYTHONPATH=/home/drone/comp0244_ws/comp0244-go2/src/build/waypoint_follower/prefix_override:/usr/lib/python3/dist-packages/colcon_core/task/python/colcon_distutils_commands:/home/drone/comp0244_ws/comp0244-go2/src/install/waypoint_follower/lib/python3.10/site-packages:${PYTHONPATH} /usr/bin/python3 -W ignore:setup.py install is deprecated -W ignore:easy_install command is deprecated setup.py egg_info --egg-base ../build/waypoint_follower build --build-base /home/drone/comp0244_ws/comp0244-go2/src/build/waypoint_follower/build install --record /home/drone/comp0244_ws/comp0244-go2/src/build/waypoint_follower/install.log --single-version-externally-managed install_data
[1.303s] running egg_info
[1.304s] writing ../build/waypoint_follower/waypoint_follower.egg-info/PKG-INFO
[1.304s] writing dependency_links to ../build/waypoint_follower/waypoint_follower.egg-info/dependency_links.txt
[1.304s] writing entry points to ../build/waypoint_follower/waypoint_follower.egg-info/entry_points.txt
[1.304s] writing requirements to ../build/waypoint_follower/waypoint_follower.egg-info/requires.txt
[1.304s] writing top-level names to ../build/waypoint_follower/waypoint_follower.egg-info/top_level.txt
[1.304s] reading manifest file '../build/waypoint_follower/waypoint_follower.egg-info/SOURCES.txt'
[1.304s] writing manifest file '../build/waypoint_follower/waypoint_follower.egg-info/SOURCES.txt'
[1.304s] running build
[1.304s] running build_py
[1.304s] running install
[1.304s] running install_lib
[1.304s] running install_data
[1.304s] running install_egg_info
[1.305s] removing '/home/drone/comp0244_ws/comp0244-go2/src/install/waypoint_follower/lib/python3.10/site-packages/waypoint_follower-0.0.0-py3.10.egg-info' (and everything under it)
[1.305s] Copying ../build/waypoint_follower/waypoint_follower.egg-info to /home/drone/comp0244_ws/comp0244-go2/src/install/waypoint_follower/lib/python3.10/site-packages/waypoint_follower-0.0.0-py3.10.egg-info
[1.306s] running install_scripts
[1.321s] Installing waypoint_follower script to /home/drone/comp0244_ws/comp0244-go2/src/install/waypoint_follower/lib/waypoint_follower
[1.321s] writing list of installed files to '/home/drone/comp0244_ws/comp0244-go2/src/build/waypoint_follower/install.log'
[1.347s] Invoked command in '/home/drone/comp0244_ws/comp0244-go2/src/waypoint_follower' returned '0': PYTHONPATH=/home/drone/comp0244_ws/comp0244-go2/src/build/waypoint_follower/prefix_override:/usr/lib/python3/dist-packages/colcon_core/task/python/colcon_distutils_commands:/home/drone/comp0244_ws/comp0244-go2/src/install/waypoint_follower/lib/python3.10/site-packages:${PYTHONPATH} /usr/bin/python3 -W ignore:setup.py install is deprecated -W ignore:easy_install command is deprecated setup.py egg_info --egg-base ../build/waypoint_follower build --build-base /home/drone/comp0244_ws/comp0244-go2/src/build/waypoint_follower/build install --record /home/drone/comp0244_ws/comp0244-go2/src/build/waypoint_follower/install.log --single-version-externally-managed install_data
