[0.046s] Invoking command in '/home/drone/comp0244_ws/comp0244-go2/src/build/champ_config': CMAKE_PREFIX_PATH=${CMAKE_PREFIX_PATH}:/home/drone/project_gazebo_ws/install/as2_visualization:/home/drone/project_gazebo_ws/install/as2_keyboard_teleoperation:/home/drone/project_gazebo_ws/install/as2_python_api:/opt/ros/humble /usr/bin/cmake /home/drone/comp0244_ws/comp0244-go2/src/unitree-go2-ros2/champ/champ_config -DCMAKE_INSTALL_PREFIX=/home/drone/comp0244_ws/comp0244-go2/src/install/champ_config
[0.520s] -- The C compiler identification is GNU 11.4.0
[0.520s] -- The CXX compiler identification is GNU 11.4.0
[0.520s] -- Detecting C compiler ABI info
[0.520s] -- Detecting C compiler ABI info - done
[0.520s] -- Check for working C compiler: /usr/bin/cc - skipped
[0.520s] -- Detecting C compile features
[0.520s] -- Detecting C compile features - done
[0.520s] -- Detecting CXX compiler ABI info
[0.520s] -- Detecting CXX compiler ABI info - done
[0.520s] -- Check for working CXX compiler: /usr/bin/c++ - skipped
[0.520s] -- Detecting CXX compile features
[0.520s] -- Detecting CXX compile features - done
[0.520s] -- Found ament_cmake: 1.3.11 (/opt/ros/humble/share/ament_cmake/cmake)
[0.564s] -- Found Python3: /usr/bin/python3 (found version "3.10.12") found components: Interpreter 
[0.705s] -- Configuring done
[0.709s] -- Generating done
[0.709s] -- Build files have been written to: /home/drone/comp0244_ws/comp0244-go2/src/build/champ_config
[0.712s] Invoked command in '/home/drone/comp0244_ws/comp0244-go2/src/build/champ_config' returned '0': CMAKE_PREFIX_PATH=${CMAKE_PREFIX_PATH}:/home/drone/project_gazebo_ws/install/as2_visualization:/home/drone/project_gazebo_ws/install/as2_keyboard_teleoperation:/home/drone/project_gazebo_ws/install/as2_python_api:/opt/ros/humble /usr/bin/cmake /home/drone/comp0244_ws/comp0244-go2/src/unitree-go2-ros2/champ/champ_config -DCMAKE_INSTALL_PREFIX=/home/drone/comp0244_ws/comp0244-go2/src/install/champ_config
[0.714s] Invoking command in '/home/drone/comp0244_ws/comp0244-go2/src/build/champ_config': CMAKE_PREFIX_PATH=${CMAKE_PREFIX_PATH}:/home/drone/project_gazebo_ws/install/as2_visualization:/home/drone/project_gazebo_ws/install/as2_keyboard_teleoperation:/home/drone/project_gazebo_ws/install/as2_python_api:/opt/ros/humble /usr/bin/cmake --build /home/drone/comp0244_ws/comp0244-go2/src/build/champ_config -- -j22 -l22
[0.745s] Invoked command in '/home/drone/comp0244_ws/comp0244-go2/src/build/champ_config' returned '0': CMAKE_PREFIX_PATH=${CMAKE_PREFIX_PATH}:/home/drone/project_gazebo_ws/install/as2_visualization:/home/drone/project_gazebo_ws/install/as2_keyboard_teleoperation:/home/drone/project_gazebo_ws/install/as2_python_api:/opt/ros/humble /usr/bin/cmake --build /home/drone/comp0244_ws/comp0244-go2/src/build/champ_config -- -j22 -l22
[0.747s] Invoking command in '/home/drone/comp0244_ws/comp0244-go2/src/build/champ_config': CMAKE_PREFIX_PATH=${CMAKE_PREFIX_PATH}:/home/drone/project_gazebo_ws/install/as2_visualization:/home/drone/project_gazebo_ws/install/as2_keyboard_teleoperation:/home/drone/project_gazebo_ws/install/as2_python_api:/opt/ros/humble /usr/bin/cmake --install /home/drone/comp0244_ws/comp0244-go2/src/build/champ_config
[0.753s] -- Install configuration: ""
[0.754s] -- Installing: /home/drone/comp0244_ws/comp0244-go2/src/install/champ_config/share/champ_config/launch
[0.754s] -- Installing: /home/drone/comp0244_ws/comp0244-go2/src/install/champ_config/share/champ_config/launch/gazebo.launch.py
[0.755s] -- Installing: /home/drone/comp0244_ws/comp0244-go2/src/install/champ_config/share/champ_config/launch/slam.launch.py
[0.756s] -- Installing: /home/drone/comp0244_ws/comp0244-go2/src/install/champ_config/share/champ_config/launch/bringup.launch.py
[0.756s] -- Installing: /home/drone/comp0244_ws/comp0244-go2/src/install/champ_config/share/champ_config/launch/navigate.launch.py
[0.757s] -- Installing: /home/drone/comp0244_ws/comp0244-go2/src/install/champ_config/share/champ_config/config
[0.757s] -- Installing: /home/drone/comp0244_ws/comp0244-go2/src/install/champ_config/share/champ_config/config/links
[0.757s] -- Installing: /home/drone/comp0244_ws/comp0244-go2/src/install/champ_config/share/champ_config/config/links/links.yaml
[0.757s] -- Installing: /home/drone/comp0244_ws/comp0244-go2/src/install/champ_config/share/champ_config/config/autonomy
[0.757s] -- Installing: /home/drone/comp0244_ws/comp0244-go2/src/install/champ_config/share/champ_config/config/autonomy/navigation.yaml
[0.758s] -- Installing: /home/drone/comp0244_ws/comp0244-go2/src/install/champ_config/share/champ_config/config/autonomy/slam.yaml
[0.759s] -- Installing: /home/drone/comp0244_ws/comp0244-go2/src/install/champ_config/share/champ_config/config/joints
[0.759s] -- Installing: /home/drone/comp0244_ws/comp0244-go2/src/install/champ_config/share/champ_config/config/joints/joints.yaml
[0.761s] -- Installing: /home/drone/comp0244_ws/comp0244-go2/src/install/champ_config/share/champ_config/config/gait
[0.761s] -- Installing: /home/drone/comp0244_ws/comp0244-go2/src/install/champ_config/share/champ_config/config/gait/gait.yaml
[0.762s] -- Installing: /home/drone/comp0244_ws/comp0244-go2/src/install/champ_config/share/champ_config/maps
[0.762s] -- Installing: /home/drone/comp0244_ws/comp0244-go2/src/install/champ_config/share/champ_config/maps/map.yaml
[0.764s] -- Installing: /home/drone/comp0244_ws/comp0244-go2/src/install/champ_config/share/champ_config/maps/playground.pgm
[0.769s] -- Installing: /home/drone/comp0244_ws/comp0244-go2/src/install/champ_config/share/champ_config/maps/playground.yaml
[0.770s] -- Installing: /home/drone/comp0244_ws/comp0244-go2/src/install/champ_config/share/champ_config/maps/map.pgm
[0.798s] -- Installing: /home/drone/comp0244_ws/comp0244-go2/src/install/champ_config/share/champ_config/worlds
[0.798s] -- Installing: /home/drone/comp0244_ws/comp0244-go2/src/install/champ_config/share/champ_config/worlds/default.world
[0.799s] -- Installing: /home/drone/comp0244_ws/comp0244-go2/src/install/champ_config/share/champ_config/worlds/outdoor.world
[0.800s] -- Installing: /home/drone/comp0244_ws/comp0244-go2/src/install/champ_config/share/champ_config/worlds/playground.world
[0.803s] -- Installing: /home/drone/comp0244_ws/comp0244-go2/src/install/champ_config/share/ament_index/resource_index/package_run_dependencies/champ_config
[0.803s] -- Installing: /home/drone/comp0244_ws/comp0244-go2/src/install/champ_config/share/ament_index/resource_index/parent_prefix_path/champ_config
[0.803s] -- Installing: /home/drone/comp0244_ws/comp0244-go2/src/install/champ_config/share/champ_config/environment/ament_prefix_path.sh
[0.804s] -- Installing: /home/drone/comp0244_ws/comp0244-go2/src/install/champ_config/share/champ_config/environment/ament_prefix_path.dsv
[0.804s] -- Installing: /home/drone/comp0244_ws/comp0244-go2/src/install/champ_config/share/champ_config/environment/path.sh
[0.804s] -- Installing: /home/drone/comp0244_ws/comp0244-go2/src/install/champ_config/share/champ_config/environment/path.dsv
[0.804s] -- Installing: /home/drone/comp0244_ws/comp0244-go2/src/install/champ_config/share/champ_config/local_setup.bash
[0.804s] -- Installing: /home/drone/comp0244_ws/comp0244-go2/src/install/champ_config/share/champ_config/local_setup.sh
[0.805s] -- Installing: /home/drone/comp0244_ws/comp0244-go2/src/install/champ_config/share/champ_config/local_setup.zsh
[0.805s] -- Installing: /home/drone/comp0244_ws/comp0244-go2/src/install/champ_config/share/champ_config/local_setup.dsv
[0.805s] -- Installing: /home/drone/comp0244_ws/comp0244-go2/src/install/champ_config/share/champ_config/package.dsv
[0.805s] -- Installing: /home/drone/comp0244_ws/comp0244-go2/src/install/champ_config/share/ament_index/resource_index/packages/champ_config
[0.806s] -- Installing: /home/drone/comp0244_ws/comp0244-go2/src/install/champ_config/share/champ_config/cmake/champ_configConfig.cmake
[0.806s] -- Installing: /home/drone/comp0244_ws/comp0244-go2/src/install/champ_config/share/champ_config/cmake/champ_configConfig-version.cmake
[0.806s] -- Installing: /home/drone/comp0244_ws/comp0244-go2/src/install/champ_config/share/champ_config/package.xml
[0.812s] Invoked command in '/home/drone/comp0244_ws/comp0244-go2/src/build/champ_config' returned '0': CMAKE_PREFIX_PATH=${CMAKE_PREFIX_PATH}:/home/drone/project_gazebo_ws/install/as2_visualization:/home/drone/project_gazebo_ws/install/as2_keyboard_teleoperation:/home/drone/project_gazebo_ws/install/as2_python_api:/opt/ros/humble /usr/bin/cmake --install /home/drone/comp0244_ws/comp0244-go2/src/build/champ_config
